CRITICAL - 2022-05-10 18:08:08 --> require(../Views/pages/estoque.php): failed to open stream: No such file or directory
#0 C:\xamppi\htdocs\ERPPDV\app\Controllers\Home.php(14): CodeIgniter\Debug\Exceptions->errorHandler(2, 'require(../View...', 'C:\\xamppi\\htdoc...', 14, Array)
#1 C:\xamppi\htdocs\ERPPDV\app\Controllers\Home.php(14): require()
#2 C:\xamppi\htdocs\ERPPDV\system\CodeIgniter.php(832): App\Controllers\Home->estoque()
#3 C:\xamppi\htdocs\ERPPDV\system\CodeIgniter.php(419): CodeIgniter\CodeIgniter->runController(Object(App\Controllers\Home))
#4 C:\xamppi\htdocs\ERPPDV\system\CodeIgniter.php(326): CodeIgniter\CodeIgniter->handleRequest(NULL, Object(Config\Cache), false)
#5 C:\xamppi\htdocs\ERPPDV\public\index.php(37): CodeIgniter\CodeIgniter->run()
#6 {main}
CRITICAL - 2022-05-10 18:08:08 --> require(../Views/pages/estoque.php): failed to open stream: No such file or directory
#0 C:\xamppi\htdocs\ERPPDV\app\Controllers\Home.php(14): CodeIgniter\Debug\Exceptions->errorHandler(2, 'require(../View...', 'C:\\xamppi\\htdoc...', 14, Array)
#1 C:\xamppi\htdocs\ERPPDV\app\Controllers\Home.php(14): require()
#2 C:\xamppi\htdocs\ERPPDV\system\CodeIgniter.php(832): App\Controllers\Home->estoque()
#3 C:\xamppi\htdocs\ERPPDV\system\CodeIgniter.php(419): CodeIgniter\CodeIgniter->runController(Object(App\Controllers\Home))
#4 C:\xamppi\htdocs\ERPPDV\system\CodeIgniter.php(326): CodeIgniter\CodeIgniter->handleRequest(NULL, Object(Config\Cache), false)
#5 C:\xamppi\htdocs\ERPPDV\public\index.php(37): CodeIgniter\CodeIgniter->run()
#6 {main}
CRITICAL - 2022-05-10 18:08:18 --> require(../Views/pages/estoque.php): failed to open stream: No such file or directory
#0 C:\xamppi\htdocs\ERPPDV\app\Controllers\Home.php(14): CodeIgniter\Debug\Exceptions->errorHandler(2, 'require(../View...', 'C:\\xamppi\\htdoc...', 14, Array)
#1 C:\xamppi\htdocs\ERPPDV\app\Controllers\Home.php(14): require()
#2 C:\xamppi\htdocs\ERPPDV\system\CodeIgniter.php(832): App\Controllers\Home->estoque()
#3 C:\xamppi\htdocs\ERPPDV\system\CodeIgniter.php(419): CodeIgniter\CodeIgniter->runController(Object(App\Controllers\Home))
#4 C:\xamppi\htdocs\ERPPDV\system\CodeIgniter.php(326): CodeIgniter\CodeIgniter->handleRequest(NULL, Object(Config\Cache), false)
#5 C:\xamppi\htdocs\ERPPDV\public\index.php(37): CodeIgniter\CodeIgniter->run()
#6 {main}
CRITICAL - 2022-05-10 18:08:19 --> require(../Views/pages/estoque.php): failed to open stream: No such file or directory
#0 C:\xamppi\htdocs\ERPPDV\app\Controllers\Home.php(14): CodeIgniter\Debug\Exceptions->errorHandler(2, 'require(../View...', 'C:\\xamppi\\htdoc...', 14, Array)
#1 C:\xamppi\htdocs\ERPPDV\app\Controllers\Home.php(14): require()
#2 C:\xamppi\htdocs\ERPPDV\system\CodeIgniter.php(832): App\Controllers\Home->estoque()
#3 C:\xamppi\htdocs\ERPPDV\system\CodeIgniter.php(419): CodeIgniter\CodeIgniter->runController(Object(App\Controllers\Home))
#4 C:\xamppi\htdocs\ERPPDV\system\CodeIgniter.php(326): CodeIgniter\CodeIgniter->handleRequest(NULL, Object(Config\Cache), false)
#5 C:\xamppi\htdocs\ERPPDV\public\index.php(37): CodeIgniter\CodeIgniter->run()
#6 {main}
CRITICAL - 2022-05-10 18:08:19 --> require(../Views/pages/estoque.php): failed to open stream: No such file or directory
#0 C:\xamppi\htdocs\ERPPDV\app\Controllers\Home.php(14): CodeIgniter\Debug\Exceptions->errorHandler(2, 'require(../View...', 'C:\\xamppi\\htdoc...', 14, Array)
#1 C:\xamppi\htdocs\ERPPDV\app\Controllers\Home.php(14): require()
#2 C:\xamppi\htdocs\ERPPDV\system\CodeIgniter.php(832): App\Controllers\Home->estoque()
#3 C:\xamppi\htdocs\ERPPDV\system\CodeIgniter.php(419): CodeIgniter\CodeIgniter->runController(Object(App\Controllers\Home))
#4 C:\xamppi\htdocs\ERPPDV\system\CodeIgniter.php(326): CodeIgniter\CodeIgniter->handleRequest(NULL, Object(Config\Cache), false)
#5 C:\xamppi\htdocs\ERPPDV\public\index.php(37): CodeIgniter\CodeIgniter->run()
#6 {main}
CRITICAL - 2022-05-10 18:08:23 --> require(../Views/pages/estoque.php): failed to open stream: No such file or directory
#0 C:\xamppi\htdocs\ERPPDV\app\Controllers\Home.php(14): CodeIgniter\Debug\Exceptions->errorHandler(2, 'require(../View...', 'C:\\xamppi\\htdoc...', 14, Array)
#1 C:\xamppi\htdocs\ERPPDV\app\Controllers\Home.php(14): require()
#2 C:\xamppi\htdocs\ERPPDV\system\CodeIgniter.php(832): App\Controllers\Home->estoque()
#3 C:\xamppi\htdocs\ERPPDV\system\CodeIgniter.php(419): CodeIgniter\CodeIgniter->runController(Object(App\Controllers\Home))
#4 C:\xamppi\htdocs\ERPPDV\system\CodeIgniter.php(326): CodeIgniter\CodeIgniter->handleRequest(NULL, Object(Config\Cache), false)
#5 C:\xamppi\htdocs\ERPPDV\public\index.php(37): CodeIgniter\CodeIgniter->run()
#6 {main}
CRITICAL - 2022-05-10 18:08:26 --> require(../Views/pages/estoque.php): failed to open stream: No such file or directory
#0 C:\xamppi\htdocs\ERPPDV\app\Controllers\Home.php(14): CodeIgniter\Debug\Exceptions->errorHandler(2, 'require(../View...', 'C:\\xamppi\\htdoc...', 14, Array)
#1 C:\xamppi\htdocs\ERPPDV\app\Controllers\Home.php(14): require()
#2 C:\xamppi\htdocs\ERPPDV\system\CodeIgniter.php(832): App\Controllers\Home->estoque()
#3 C:\xamppi\htdocs\ERPPDV\system\CodeIgniter.php(419): CodeIgniter\CodeIgniter->runController(Object(App\Controllers\Home))
#4 C:\xamppi\htdocs\ERPPDV\system\CodeIgniter.php(326): CodeIgniter\CodeIgniter->handleRequest(NULL, Object(Config\Cache), false)
#5 C:\xamppi\htdocs\ERPPDV\public\index.php(37): CodeIgniter\CodeIgniter->run()
#6 {main}
CRITICAL - 2022-05-10 18:08:26 --> require(../Views/pages/estoque.php): failed to open stream: No such file or directory
#0 C:\xamppi\htdocs\ERPPDV\app\Controllers\Home.php(14): CodeIgniter\Debug\Exceptions->errorHandler(2, 'require(../View...', 'C:\\xamppi\\htdoc...', 14, Array)
#1 C:\xamppi\htdocs\ERPPDV\app\Controllers\Home.php(14): require()
#2 C:\xamppi\htdocs\ERPPDV\system\CodeIgniter.php(832): App\Controllers\Home->estoque()
#3 C:\xamppi\htdocs\ERPPDV\system\CodeIgniter.php(419): CodeIgniter\CodeIgniter->runController(Object(App\Controllers\Home))
#4 C:\xamppi\htdocs\ERPPDV\system\CodeIgniter.php(326): CodeIgniter\CodeIgniter->handleRequest(NULL, Object(Config\Cache), false)
#5 C:\xamppi\htdocs\ERPPDV\public\index.php(37): CodeIgniter\CodeIgniter->run()
#6 {main}
CRITICAL - 2022-05-10 18:08:26 --> require(../Views/pages/estoque.php): failed to open stream: No such file or directory
#0 C:\xamppi\htdocs\ERPPDV\app\Controllers\Home.php(14): CodeIgniter\Debug\Exceptions->errorHandler(2, 'require(../View...', 'C:\\xamppi\\htdoc...', 14, Array)
#1 C:\xamppi\htdocs\ERPPDV\app\Controllers\Home.php(14): require()
#2 C:\xamppi\htdocs\ERPPDV\system\CodeIgniter.php(832): App\Controllers\Home->estoque()
#3 C:\xamppi\htdocs\ERPPDV\system\CodeIgniter.php(419): CodeIgniter\CodeIgniter->runController(Object(App\Controllers\Home))
#4 C:\xamppi\htdocs\ERPPDV\system\CodeIgniter.php(326): CodeIgniter\CodeIgniter->handleRequest(NULL, Object(Config\Cache), false)
#5 C:\xamppi\htdocs\ERPPDV\public\index.php(37): CodeIgniter\CodeIgniter->run()
#6 {main}
CRITICAL - 2022-05-10 18:09:12 --> Invalid file: estoque.php
#0 C:\xamppi\htdocs\ERPPDV\system\View\View.php(198): CodeIgniter\Exceptions\FrameworkException::forInvalidFile('estoque.php')
#1 C:\xamppi\htdocs\ERPPDV\system\Common.php(1089): CodeIgniter\View\View->render('estoque', Array, true)
#2 C:\xamppi\htdocs\ERPPDV\app\Controllers\Home.php(14): view('estoque')
#3 C:\xamppi\htdocs\ERPPDV\system\CodeIgniter.php(832): App\Controllers\Home->estoque()
#4 C:\xamppi\htdocs\ERPPDV\system\CodeIgniter.php(419): CodeIgniter\CodeIgniter->runController(Object(App\Controllers\Home))
#5 C:\xamppi\htdocs\ERPPDV\system\CodeIgniter.php(326): CodeIgniter\CodeIgniter->handleRequest(NULL, Object(Config\Cache), false)
#6 C:\xamppi\htdocs\ERPPDV\public\index.php(37): CodeIgniter\CodeIgniter->run()
#7 {main}
CRITICAL - 2022-05-10 18:09:12 --> Invalid file: estoque.php
#0 C:\xamppi\htdocs\ERPPDV\system\View\View.php(198): CodeIgniter\Exceptions\FrameworkException::forInvalidFile('estoque.php')
#1 C:\xamppi\htdocs\ERPPDV\system\Common.php(1089): CodeIgniter\View\View->render('estoque', Array, true)
#2 C:\xamppi\htdocs\ERPPDV\app\Controllers\Home.php(14): view('estoque')
#3 C:\xamppi\htdocs\ERPPDV\system\CodeIgniter.php(832): App\Controllers\Home->estoque()
#4 C:\xamppi\htdocs\ERPPDV\system\CodeIgniter.php(419): CodeIgniter\CodeIgniter->runController(Object(App\Controllers\Home))
#5 C:\xamppi\htdocs\ERPPDV\system\CodeIgniter.php(326): CodeIgniter\CodeIgniter->handleRequest(NULL, Object(Config\Cache), false)
#6 C:\xamppi\htdocs\ERPPDV\public\index.php(37): CodeIgniter\CodeIgniter->run()
#7 {main}
CRITICAL - 2022-05-10 18:10:22 --> Invalid file: pages/.php
#0 C:\xamppi\htdocs\ERPPDV\system\View\View.php(198): CodeIgniter\Exceptions\FrameworkException::forInvalidFile('pages/.php')
#1 C:\xamppi\htdocs\ERPPDV\system\Common.php(1089): CodeIgniter\View\View->render('pages/', Array, true)
#2 C:\xamppi\htdocs\ERPPDV\app\Controllers\Home.php(14): view('pages/')
#3 C:\xamppi\htdocs\ERPPDV\system\CodeIgniter.php(832): App\Controllers\Home->estoque()
#4 C:\xamppi\htdocs\ERPPDV\system\CodeIgniter.php(419): CodeIgniter\CodeIgniter->runController(Object(App\Controllers\Home))
#5 C:\xamppi\htdocs\ERPPDV\system\CodeIgniter.php(326): CodeIgniter\CodeIgniter->handleRequest(NULL, Object(Config\Cache), false)
#6 C:\xamppi\htdocs\ERPPDV\public\index.php(37): CodeIgniter\CodeIgniter->run()
#7 {main}
CRITICAL - 2022-05-10 18:10:22 --> Invalid file: pages/.php
#0 C:\xamppi\htdocs\ERPPDV\system\View\View.php(198): CodeIgniter\Exceptions\FrameworkException::forInvalidFile('pages/.php')
#1 C:\xamppi\htdocs\ERPPDV\system\Common.php(1089): CodeIgniter\View\View->render('pages/', Array, true)
#2 C:\xamppi\htdocs\ERPPDV\app\Controllers\Home.php(14): view('pages/')
#3 C:\xamppi\htdocs\ERPPDV\system\CodeIgniter.php(832): App\Controllers\Home->estoque()
#4 C:\xamppi\htdocs\ERPPDV\system\CodeIgniter.php(419): CodeIgniter\CodeIgniter->runController(Object(App\Controllers\Home))
#5 C:\xamppi\htdocs\ERPPDV\system\CodeIgniter.php(326): CodeIgniter\CodeIgniter->handleRequest(NULL, Object(Config\Cache), false)
#6 C:\xamppi\htdocs\ERPPDV\public\index.php(37): CodeIgniter\CodeIgniter->run()
#7 {main}
CRITICAL - 2022-05-10 18:10:22 --> Invalid file: pages/.php
#0 C:\xamppi\htdocs\ERPPDV\system\View\View.php(198): CodeIgniter\Exceptions\FrameworkException::forInvalidFile('pages/.php')
#1 C:\xamppi\htdocs\ERPPDV\system\Common.php(1089): CodeIgniter\View\View->render('pages/', Array, true)
#2 C:\xamppi\htdocs\ERPPDV\app\Controllers\Home.php(14): view('pages/')
#3 C:\xamppi\htdocs\ERPPDV\system\CodeIgniter.php(832): App\Controllers\Home->estoque()
#4 C:\xamppi\htdocs\ERPPDV\system\CodeIgniter.php(419): CodeIgniter\CodeIgniter->runController(Object(App\Controllers\Home))
#5 C:\xamppi\htdocs\ERPPDV\system\CodeIgniter.php(326): CodeIgniter\CodeIgniter->handleRequest(NULL, Object(Config\Cache), false)
#6 C:\xamppi\htdocs\ERPPDV\public\index.php(37): CodeIgniter\CodeIgniter->run()
#7 {main}
CRITICAL - 2022-05-10 18:10:22 --> Invalid file: pages/.php
#0 C:\xamppi\htdocs\ERPPDV\system\View\View.php(198): CodeIgniter\Exceptions\FrameworkException::forInvalidFile('pages/.php')
#1 C:\xamppi\htdocs\ERPPDV\system\Common.php(1089): CodeIgniter\View\View->render('pages/', Array, true)
#2 C:\xamppi\htdocs\ERPPDV\app\Controllers\Home.php(14): view('pages/')
#3 C:\xamppi\htdocs\ERPPDV\system\CodeIgniter.php(832): App\Controllers\Home->estoque()
#4 C:\xamppi\htdocs\ERPPDV\system\CodeIgniter.php(419): CodeIgniter\CodeIgniter->runController(Object(App\Controllers\Home))
#5 C:\xamppi\htdocs\ERPPDV\system\CodeIgniter.php(326): CodeIgniter\CodeIgniter->handleRequest(NULL, Object(Config\Cache), false)
#6 C:\xamppi\htdocs\ERPPDV\public\index.php(37): CodeIgniter\CodeIgniter->run()
#7 {main}
CRITICAL - 2022-05-10 18:10:23 --> CodeIgniter\View\View::main(): Failed opening required 'exemplo.php' (include_path='C:\xamppi\php\PEAR')
#0 [internal function]: CodeIgniter\Debug\Exceptions->shutdownHandler()
#1 {main}
CRITICAL - 2022-05-10 18:10:27 --> CodeIgniter\View\View::main(): Failed opening required 'exemplo.php' (include_path='C:\xamppi\php\PEAR')
#0 [internal function]: CodeIgniter\Debug\Exceptions->shutdownHandler()
#1 {main}
CRITICAL - 2022-05-10 18:10:27 --> CodeIgniter\View\View::main(): Failed opening required 'exemplo.php' (include_path='C:\xamppi\php\PEAR')
#0 [internal function]: CodeIgniter\Debug\Exceptions->shutdownHandler()
#1 {main}
CRITICAL - 2022-05-10 18:10:27 --> CodeIgniter\View\View::main(): Failed opening required 'exemplo.php' (include_path='C:\xamppi\php\PEAR')
#0 [internal function]: CodeIgniter\Debug\Exceptions->shutdownHandler()
#1 {main}
CRITICAL - 2022-05-10 18:10:27 --> CodeIgniter\View\View::main(): Failed opening required 'exemplo.php' (include_path='C:\xamppi\php\PEAR')
#0 [internal function]: CodeIgniter\Debug\Exceptions->shutdownHandler()
#1 {main}
CRITICAL - 2022-05-10 18:10:28 --> CodeIgniter\View\View::main(): Failed opening required 'exemplo.php' (include_path='C:\xamppi\php\PEAR')
#0 [internal function]: CodeIgniter\Debug\Exceptions->shutdownHandler()
#1 {main}
CRITICAL - 2022-05-10 18:10:28 --> CodeIgniter\View\View::main(): Failed opening required 'exemplo.php' (include_path='C:\xamppi\php\PEAR')
#0 [internal function]: CodeIgniter\Debug\Exceptions->shutdownHandler()
#1 {main}
CRITICAL - 2022-05-10 18:10:28 --> CodeIgniter\View\View::main(): Failed opening required 'exemplo.php' (include_path='C:\xamppi\php\PEAR')
#0 [internal function]: CodeIgniter\Debug\Exceptions->shutdownHandler()
#1 {main}
CRITICAL - 2022-05-10 18:10:28 --> CodeIgniter\View\View::main(): Failed opening required 'exemplo.php' (include_path='C:\xamppi\php\PEAR')
#0 [internal function]: CodeIgniter\Debug\Exceptions->shutdownHandler()
#1 {main}
CRITICAL - 2022-05-10 18:10:28 --> CodeIgniter\View\View::main(): Failed opening required 'exemplo.php' (include_path='C:\xamppi\php\PEAR')
#0 [internal function]: CodeIgniter\Debug\Exceptions->shutdownHandler()
#1 {main}
CRITICAL - 2022-05-10 18:10:28 --> CodeIgniter\View\View::main(): Failed opening required 'exemplo.php' (include_path='C:\xamppi\php\PEAR')
#0 [internal function]: CodeIgniter\Debug\Exceptions->shutdownHandler()
#1 {main}
CRITICAL - 2022-05-10 18:10:29 --> CodeIgniter\View\View::main(): Failed opening required 'exemplo.php' (include_path='C:\xamppi\php\PEAR')
#0 [internal function]: CodeIgniter\Debug\Exceptions->shutdownHandler()
#1 {main}
CRITICAL - 2022-05-10 18:10:29 --> CodeIgniter\View\View::main(): Failed opening required 'exemplo.php' (include_path='C:\xamppi\php\PEAR')
#0 [internal function]: CodeIgniter\Debug\Exceptions->shutdownHandler()
#1 {main}
CRITICAL - 2022-05-10 18:10:31 --> CodeIgniter\View\View::main(): Failed opening required 'exemplo.php' (include_path='C:\xamppi\php\PEAR')
#0 [internal function]: CodeIgniter\Debug\Exceptions->shutdownHandler()
#1 {main}
CRITICAL - 2022-05-10 18:10:31 --> CodeIgniter\View\View::main(): Failed opening required 'exemplo.php' (include_path='C:\xamppi\php\PEAR')
#0 [internal function]: CodeIgniter\Debug\Exceptions->shutdownHandler()
#1 {main}
CRITICAL - 2022-05-10 18:10:31 --> CodeIgniter\View\View::main(): Failed opening required 'exemplo.php' (include_path='C:\xamppi\php\PEAR')
#0 [internal function]: CodeIgniter\Debug\Exceptions->shutdownHandler()
#1 {main}
CRITICAL - 2022-05-10 18:10:31 --> CodeIgniter\View\View::main(): Failed opening required 'exemplo.php' (include_path='C:\xamppi\php\PEAR')
#0 [internal function]: CodeIgniter\Debug\Exceptions->shutdownHandler()
#1 {main}
CRITICAL - 2022-05-10 18:10:31 --> CodeIgniter\View\View::main(): Failed opening required 'exemplo.php' (include_path='C:\xamppi\php\PEAR')
#0 [internal function]: CodeIgniter\Debug\Exceptions->shutdownHandler()
#1 {main}
CRITICAL - 2022-05-10 18:10:44 --> CodeIgniter\View\View::main(): Failed opening required 'exemplo.php' (include_path='C:\xamppi\php\PEAR')
#0 [internal function]: CodeIgniter\Debug\Exceptions->shutdownHandler()
#1 {main}
CRITICAL - 2022-05-10 18:10:44 --> CodeIgniter\View\View::main(): Failed opening required 'exemplo.php' (include_path='C:\xamppi\php\PEAR')
#0 [internal function]: CodeIgniter\Debug\Exceptions->shutdownHandler()
#1 {main}
CRITICAL - 2022-05-10 18:10:44 --> CodeIgniter\View\View::main(): Failed opening required 'exemplo.php' (include_path='C:\xamppi\php\PEAR')
#0 [internal function]: CodeIgniter\Debug\Exceptions->shutdownHandler()
#1 {main}
CRITICAL - 2022-05-10 18:10:45 --> CodeIgniter\View\View::main(): Failed opening required 'exemplo.php' (include_path='C:\xamppi\php\PEAR')
#0 [internal function]: CodeIgniter\Debug\Exceptions->shutdownHandler()
#1 {main}
CRITICAL - 2022-05-10 18:10:45 --> CodeIgniter\View\View::main(): Failed opening required 'exemplo.php' (include_path='C:\xamppi\php\PEAR')
#0 [internal function]: CodeIgniter\Debug\Exceptions->shutdownHandler()
#1 {main}
CRITICAL - 2022-05-10 18:10:45 --> CodeIgniter\View\View::main(): Failed opening required 'exemplo.php' (include_path='C:\xamppi\php\PEAR')
#0 [internal function]: CodeIgniter\Debug\Exceptions->shutdownHandler()
#1 {main}
CRITICAL - 2022-05-10 18:10:45 --> CodeIgniter\View\View::main(): Failed opening required 'exemplo.php' (include_path='C:\xamppi\php\PEAR')
#0 [internal function]: CodeIgniter\Debug\Exceptions->shutdownHandler()
#1 {main}
CRITICAL - 2022-05-10 18:10:52 --> CodeIgniter\View\View::main(): Failed opening required 'exemplo.php' (include_path='C:\xamppi\php\PEAR')
#0 [internal function]: CodeIgniter\Debug\Exceptions->shutdownHandler()
#1 {main}
CRITICAL - 2022-05-10 18:10:52 --> CodeIgniter\View\View::main(): Failed opening required 'exemplo.php' (include_path='C:\xamppi\php\PEAR')
#0 [internal function]: CodeIgniter\Debug\Exceptions->shutdownHandler()
#1 {main}
CRITICAL - 2022-05-10 18:10:52 --> CodeIgniter\View\View::main(): Failed opening required 'exemplo.php' (include_path='C:\xamppi\php\PEAR')
#0 [internal function]: CodeIgniter\Debug\Exceptions->shutdownHandler()
#1 {main}
CRITICAL - 2022-05-10 18:16:09 --> syntax error, unexpected '}'
#0 C:\xamppi\htdocs\ERPPDV\system\Autoloader\Autoloader.php(241): CodeIgniter\Autoloader\Autoloader->includeFile('C:\\xamppi\\htdoc...')
#1 C:\xamppi\htdocs\ERPPDV\system\Autoloader\Autoloader.php(219): CodeIgniter\Autoloader\Autoloader->loadInNamespace('App\\Controllers...')
#2 [internal function]: CodeIgniter\Autoloader\Autoloader->loadClass('App\\Controllers...')
#3 [internal function]: spl_autoload_call('App\\Controllers...')
#4 C:\xamppi\htdocs\ERPPDV\system\CodeIgniter.php(797): class_exists('\\App\\Controller...', true)
#5 C:\xamppi\htdocs\ERPPDV\system\CodeIgniter.php(406): CodeIgniter\CodeIgniter->startController()
#6 C:\xamppi\htdocs\ERPPDV\system\CodeIgniter.php(326): CodeIgniter\CodeIgniter->handleRequest(NULL, Object(Config\Cache), false)
#7 C:\xamppi\htdocs\ERPPDV\public\index.php(37): CodeIgniter\CodeIgniter->run()
#8 {main}
CRITICAL - 2022-05-10 18:16:10 --> syntax error, unexpected '}'
#0 C:\xamppi\htdocs\ERPPDV\system\Autoloader\Autoloader.php(241): CodeIgniter\Autoloader\Autoloader->includeFile('C:\\xamppi\\htdoc...')
#1 C:\xamppi\htdocs\ERPPDV\system\Autoloader\Autoloader.php(219): CodeIgniter\Autoloader\Autoloader->loadInNamespace('App\\Controllers...')
#2 [internal function]: CodeIgniter\Autoloader\Autoloader->loadClass('App\\Controllers...')
#3 [internal function]: spl_autoload_call('App\\Controllers...')
#4 C:\xamppi\htdocs\ERPPDV\system\CodeIgniter.php(797): class_exists('\\App\\Controller...', true)
#5 C:\xamppi\htdocs\ERPPDV\system\CodeIgniter.php(406): CodeIgniter\CodeIgniter->startController()
#6 C:\xamppi\htdocs\ERPPDV\system\CodeIgniter.php(326): CodeIgniter\CodeIgniter->handleRequest(NULL, Object(Config\Cache), false)
#7 C:\xamppi\htdocs\ERPPDV\public\index.php(37): CodeIgniter\CodeIgniter->run()
#8 {main}
CRITICAL - 2022-05-10 18:16:10 --> syntax error, unexpected '}'
#0 C:\xamppi\htdocs\ERPPDV\system\Autoloader\Autoloader.php(241): CodeIgniter\Autoloader\Autoloader->includeFile('C:\\xamppi\\htdoc...')
#1 C:\xamppi\htdocs\ERPPDV\system\Autoloader\Autoloader.php(219): CodeIgniter\Autoloader\Autoloader->loadInNamespace('App\\Controllers...')
#2 [internal function]: CodeIgniter\Autoloader\Autoloader->loadClass('App\\Controllers...')
#3 [internal function]: spl_autoload_call('App\\Controllers...')
#4 C:\xamppi\htdocs\ERPPDV\system\CodeIgniter.php(797): class_exists('\\App\\Controller...', true)
#5 C:\xamppi\htdocs\ERPPDV\system\CodeIgniter.php(406): CodeIgniter\CodeIgniter->startController()
#6 C:\xamppi\htdocs\ERPPDV\system\CodeIgniter.php(326): CodeIgniter\CodeIgniter->handleRequest(NULL, Object(Config\Cache), false)
#7 C:\xamppi\htdocs\ERPPDV\public\index.php(37): CodeIgniter\CodeIgniter->run()
#8 {main}
CRITICAL - 2022-05-10 18:16:10 --> syntax error, unexpected '}'
#0 C:\xamppi\htdocs\ERPPDV\system\Autoloader\Autoloader.php(241): CodeIgniter\Autoloader\Autoloader->includeFile('C:\\xamppi\\htdoc...')
#1 C:\xamppi\htdocs\ERPPDV\system\Autoloader\Autoloader.php(219): CodeIgniter\Autoloader\Autoloader->loadInNamespace('App\\Controllers...')
#2 [internal function]: CodeIgniter\Autoloader\Autoloader->loadClass('App\\Controllers...')
#3 [internal function]: spl_autoload_call('App\\Controllers...')
#4 C:\xamppi\htdocs\ERPPDV\system\CodeIgniter.php(797): class_exists('\\App\\Controller...', true)
#5 C:\xamppi\htdocs\ERPPDV\system\CodeIgniter.php(406): CodeIgniter\CodeIgniter->startController()
#6 C:\xamppi\htdocs\ERPPDV\system\CodeIgniter.php(326): CodeIgniter\CodeIgniter->handleRequest(NULL, Object(Config\Cache), false)
#7 C:\xamppi\htdocs\ERPPDV\public\index.php(37): CodeIgniter\CodeIgniter->run()
#8 {main}
CRITICAL - 2022-05-10 18:16:11 --> syntax error, unexpected '}'
#0 C:\xamppi\htdocs\ERPPDV\system\Autoloader\Autoloader.php(241): CodeIgniter\Autoloader\Autoloader->includeFile('C:\\xamppi\\htdoc...')
#1 C:\xamppi\htdocs\ERPPDV\system\Autoloader\Autoloader.php(219): CodeIgniter\Autoloader\Autoloader->loadInNamespace('App\\Controllers...')
#2 [internal function]: CodeIgniter\Autoloader\Autoloader->loadClass('App\\Controllers...')
#3 [internal function]: spl_autoload_call('App\\Controllers...')
#4 C:\xamppi\htdocs\ERPPDV\system\CodeIgniter.php(797): class_exists('\\App\\Controller...', true)
#5 C:\xamppi\htdocs\ERPPDV\system\CodeIgniter.php(406): CodeIgniter\CodeIgniter->startController()
#6 C:\xamppi\htdocs\ERPPDV\system\CodeIgniter.php(326): CodeIgniter\CodeIgniter->handleRequest(NULL, Object(Config\Cache), false)
#7 C:\xamppi\htdocs\ERPPDV\public\index.php(37): CodeIgniter\CodeIgniter->run()
#8 {main}
CRITICAL - 2022-05-10 18:16:11 --> syntax error, unexpected '}'
#0 C:\xamppi\htdocs\ERPPDV\system\Autoloader\Autoloader.php(241): CodeIgniter\Autoloader\Autoloader->includeFile('C:\\xamppi\\htdoc...')
#1 C:\xamppi\htdocs\ERPPDV\system\Autoloader\Autoloader.php(219): CodeIgniter\Autoloader\Autoloader->loadInNamespace('App\\Controllers...')
#2 [internal function]: CodeIgniter\Autoloader\Autoloader->loadClass('App\\Controllers...')
#3 [internal function]: spl_autoload_call('App\\Controllers...')
#4 C:\xamppi\htdocs\ERPPDV\system\CodeIgniter.php(797): class_exists('\\App\\Controller...', true)
#5 C:\xamppi\htdocs\ERPPDV\system\CodeIgniter.php(406): CodeIgniter\CodeIgniter->startController()
#6 C:\xamppi\htdocs\ERPPDV\system\CodeIgniter.php(326): CodeIgniter\CodeIgniter->handleRequest(NULL, Object(Config\Cache), false)
#7 C:\xamppi\htdocs\ERPPDV\public\index.php(37): CodeIgniter\CodeIgniter->run()
#8 {main}
CRITICAL - 2022-05-10 18:16:11 --> syntax error, unexpected '}'
#0 C:\xamppi\htdocs\ERPPDV\system\Autoloader\Autoloader.php(241): CodeIgniter\Autoloader\Autoloader->includeFile('C:\\xamppi\\htdoc...')
#1 C:\xamppi\htdocs\ERPPDV\system\Autoloader\Autoloader.php(219): CodeIgniter\Autoloader\Autoloader->loadInNamespace('App\\Controllers...')
#2 [internal function]: CodeIgniter\Autoloader\Autoloader->loadClass('App\\Controllers...')
#3 [internal function]: spl_autoload_call('App\\Controllers...')
#4 C:\xamppi\htdocs\ERPPDV\system\CodeIgniter.php(797): class_exists('\\App\\Controller...', true)
#5 C:\xamppi\htdocs\ERPPDV\system\CodeIgniter.php(406): CodeIgniter\CodeIgniter->startController()
#6 C:\xamppi\htdocs\ERPPDV\system\CodeIgniter.php(326): CodeIgniter\CodeIgniter->handleRequest(NULL, Object(Config\Cache), false)
#7 C:\xamppi\htdocs\ERPPDV\public\index.php(37): CodeIgniter\CodeIgniter->run()
#8 {main}
CRITICAL - 2022-05-10 18:20:45 --> Class 'Estoque\Controllers\BaseController' not found
#0 C:\xamppi\htdocs\ERPPDV\system\Autoloader\Autoloader.php(264): include_once()
#1 C:\xamppi\htdocs\ERPPDV\system\Autoloader\Autoloader.php(241): CodeIgniter\Autoloader\Autoloader->includeFile('C:\\xamppi\\htdoc...')
#2 C:\xamppi\htdocs\ERPPDV\system\Autoloader\Autoloader.php(219): CodeIgniter\Autoloader\Autoloader->loadInNamespace('App\\Controllers...')
#3 [internal function]: CodeIgniter\Autoloader\Autoloader->loadClass('App\\Controllers...')
#4 [internal function]: spl_autoload_call('App\\Controllers...')
#5 C:\xamppi\htdocs\ERPPDV\system\CodeIgniter.php(797): class_exists('\\App\\Controller...', true)
#6 C:\xamppi\htdocs\ERPPDV\system\CodeIgniter.php(406): CodeIgniter\CodeIgniter->startController()
#7 C:\xamppi\htdocs\ERPPDV\system\CodeIgniter.php(326): CodeIgniter\CodeIgniter->handleRequest(NULL, Object(Config\Cache), false)
#8 C:\xamppi\htdocs\ERPPDV\public\index.php(37): CodeIgniter\CodeIgniter->run()
#9 {main}
CRITICAL - 2022-05-10 18:36:56 --> Invalid file: estoque.php
#0 C:\xamppi\htdocs\ERPPDV\system\View\View.php(198): CodeIgniter\Exceptions\FrameworkException::forInvalidFile('estoque.php')
#1 C:\xamppi\htdocs\ERPPDV\system\Common.php(1089): CodeIgniter\View\View->render('estoque', Array, true)
#2 C:\xamppi\htdocs\ERPPDV\app\Controllers\Home.php(16): view('estoque')
#3 C:\xamppi\htdocs\ERPPDV\system\CodeIgniter.php(832): App\Controllers\Home->Estoque()
#4 C:\xamppi\htdocs\ERPPDV\system\CodeIgniter.php(419): CodeIgniter\CodeIgniter->runController(Object(App\Controllers\Home))
#5 C:\xamppi\htdocs\ERPPDV\system\CodeIgniter.php(326): CodeIgniter\CodeIgniter->handleRequest(NULL, Object(Config\Cache), false)
#6 C:\xamppi\htdocs\ERPPDV\public\index.php(37): CodeIgniter\CodeIgniter->run()
#7 {main}
CRITICAL - 2022-05-10 19:08:11 --> syntax error, unexpected '?>'
#0 C:\xamppi\htdocs\ERPPDV\system\View\View.php(213): CodeIgniter\View\View->CodeIgniter\View\{closure}()
#1 C:\xamppi\htdocs\ERPPDV\system\Common.php(1089): CodeIgniter\View\View->render('estoque', Array, true)
#2 C:\xamppi\htdocs\ERPPDV\app\Controllers\Home.php(16): view('estoque')
#3 C:\xamppi\htdocs\ERPPDV\system\CodeIgniter.php(832): App\Controllers\Home->Estoque()
#4 C:\xamppi\htdocs\ERPPDV\system\CodeIgniter.php(419): CodeIgniter\CodeIgniter->runController(Object(App\Controllers\Home))
#5 C:\xamppi\htdocs\ERPPDV\system\CodeIgniter.php(326): CodeIgniter\CodeIgniter->handleRequest(NULL, Object(Config\Cache), false)
#6 C:\xamppi\htdocs\ERPPDV\public\index.php(37): CodeIgniter\CodeIgniter->run()
#7 {main}
CRITICAL - 2022-05-10 19:08:11 --> syntax error, unexpected '?>'
#0 C:\xamppi\htdocs\ERPPDV\system\View\View.php(213): CodeIgniter\View\View->CodeIgniter\View\{closure}()
#1 C:\xamppi\htdocs\ERPPDV\system\Common.php(1089): CodeIgniter\View\View->render('estoque', Array, true)
#2 C:\xamppi\htdocs\ERPPDV\app\Controllers\Home.php(16): view('estoque')
#3 C:\xamppi\htdocs\ERPPDV\system\CodeIgniter.php(832): App\Controllers\Home->Estoque()
#4 C:\xamppi\htdocs\ERPPDV\system\CodeIgniter.php(419): CodeIgniter\CodeIgniter->runController(Object(App\Controllers\Home))
#5 C:\xamppi\htdocs\ERPPDV\system\CodeIgniter.php(326): CodeIgniter\CodeIgniter->handleRequest(NULL, Object(Config\Cache), false)
#6 C:\xamppi\htdocs\ERPPDV\public\index.php(37): CodeIgniter\CodeIgniter->run()
#7 {main}
CRITICAL - 2022-05-10 19:08:11 --> syntax error, unexpected '?>'
#0 C:\xamppi\htdocs\ERPPDV\system\View\View.php(213): CodeIgniter\View\View->CodeIgniter\View\{closure}()
#1 C:\xamppi\htdocs\ERPPDV\system\Common.php(1089): CodeIgniter\View\View->render('estoque', Array, true)
#2 C:\xamppi\htdocs\ERPPDV\app\Controllers\Home.php(16): view('estoque')
#3 C:\xamppi\htdocs\ERPPDV\system\CodeIgniter.php(832): App\Controllers\Home->Estoque()
#4 C:\xamppi\htdocs\ERPPDV\system\CodeIgniter.php(419): CodeIgniter\CodeIgniter->runController(Object(App\Controllers\Home))
#5 C:\xamppi\htdocs\ERPPDV\system\CodeIgniter.php(326): CodeIgniter\CodeIgniter->handleRequest(NULL, Object(Config\Cache), false)
#6 C:\xamppi\htdocs\ERPPDV\public\index.php(37): CodeIgniter\CodeIgniter->run()
#7 {main}
CRITICAL - 2022-05-10 19:08:12 --> syntax error, unexpected '?>'
#0 C:\xamppi\htdocs\ERPPDV\system\View\View.php(213): CodeIgniter\View\View->CodeIgniter\View\{closure}()
#1 C:\xamppi\htdocs\ERPPDV\system\Common.php(1089): CodeIgniter\View\View->render('estoque', Array, true)
#2 C:\xamppi\htdocs\ERPPDV\app\Controllers\Home.php(16): view('estoque')
#3 C:\xamppi\htdocs\ERPPDV\system\CodeIgniter.php(832): App\Controllers\Home->Estoque()
#4 C:\xamppi\htdocs\ERPPDV\system\CodeIgniter.php(419): CodeIgniter\CodeIgniter->runController(Object(App\Controllers\Home))
#5 C:\xamppi\htdocs\ERPPDV\system\CodeIgniter.php(326): CodeIgniter\CodeIgniter->handleRequest(NULL, Object(Config\Cache), false)
#6 C:\xamppi\htdocs\ERPPDV\public\index.php(37): CodeIgniter\CodeIgniter->run()
#7 {main}
CRITICAL - 2022-05-10 19:53:01 --> require(components/form.php): failed to open stream: No such file or directory
#0 C:\xamppi\htdocs\ERPPDV\app\Views\AdicionarProdutos.php(42): CodeIgniter\Debug\Exceptions->errorHandler(2, 'require(compone...', 'C:\\xamppi\\htdoc...', 42, Array)
#1 C:\xamppi\htdocs\ERPPDV\app\Views\AdicionarProdutos.php(42): require()
#2 C:\xamppi\htdocs\ERPPDV\system\View\View.php(210): include('C:\\xamppi\\htdoc...')
#3 C:\xamppi\htdocs\ERPPDV\system\View\View.php(213): CodeIgniter\View\View->CodeIgniter\View\{closure}()
#4 C:\xamppi\htdocs\ERPPDV\system\Common.php(1089): CodeIgniter\View\View->render('AdicionarProdut...', Array, true)
#5 C:\xamppi\htdocs\ERPPDV\app\Controllers\Home.php(31): view('AdicionarProdut...')
#6 C:\xamppi\htdocs\ERPPDV\system\CodeIgniter.php(832): App\Controllers\Home->AdicionarProdutos()
#7 C:\xamppi\htdocs\ERPPDV\system\CodeIgniter.php(419): CodeIgniter\CodeIgniter->runController(Object(App\Controllers\Home))
#8 C:\xamppi\htdocs\ERPPDV\system\CodeIgniter.php(326): CodeIgniter\CodeIgniter->handleRequest(NULL, Object(Config\Cache), false)
#9 C:\xamppi\htdocs\ERPPDV\public\index.php(37): CodeIgniter\CodeIgniter->run()
#10 {main}
CRITICAL - 2022-05-10 19:53:01 --> require(components/form.php): failed to open stream: No such file or directory
#0 C:\xamppi\htdocs\ERPPDV\app\Views\AdicionarProdutos.php(42): CodeIgniter\Debug\Exceptions->errorHandler(2, 'require(compone...', 'C:\\xamppi\\htdoc...', 42, Array)
#1 C:\xamppi\htdocs\ERPPDV\app\Views\AdicionarProdutos.php(42): require()
#2 C:\xamppi\htdocs\ERPPDV\system\View\View.php(210): include('C:\\xamppi\\htdoc...')
#3 C:\xamppi\htdocs\ERPPDV\system\View\View.php(213): CodeIgniter\View\View->CodeIgniter\View\{closure}()
#4 C:\xamppi\htdocs\ERPPDV\system\Common.php(1089): CodeIgniter\View\View->render('AdicionarProdut...', Array, true)
#5 C:\xamppi\htdocs\ERPPDV\app\Controllers\Home.php(31): view('AdicionarProdut...')
#6 C:\xamppi\htdocs\ERPPDV\system\CodeIgniter.php(832): App\Controllers\Home->AdicionarProdutos()
#7 C:\xamppi\htdocs\ERPPDV\system\CodeIgniter.php(419): CodeIgniter\CodeIgniter->runController(Object(App\Controllers\Home))
#8 C:\xamppi\htdocs\ERPPDV\system\CodeIgniter.php(326): CodeIgniter\CodeIgniter->handleRequest(NULL, Object(Config\Cache), false)
#9 C:\xamppi\htdocs\ERPPDV\public\index.php(37): CodeIgniter\CodeIgniter->run()
#10 {main}
