CRITICAL - 2022-05-04 02:55:09 --> The framework needs the following extension(s) installed and loaded: intl.
#0 C:\xampp\htdocs\ERPPDV\system\CodeIgniter.php(219): CodeIgniter\Exceptions\FrameworkException::forMissingExtension('intl')
#1 C:\xampp\htdocs\ERPPDV\system\CodeIgniter.php(177): CodeIgniter\CodeIgniter->resolvePlatformExtensions()
#2 C:\xampp\htdocs\ERPPDV\system\bootstrap.php(146): CodeIgniter\CodeIgniter->initialize()
#3 C:\xampp\htdocs\ERPPDV\public\index.php(28): require('C:\\xampp\\htdocs...')
#4 {main}
CRITICAL - 2022-05-04 02:55:28 --> The framework needs the following extension(s) installed and loaded: intl.
#0 C:\xampp\htdocs\ERPPDV\system\CodeIgniter.php(219): CodeIgniter\Exceptions\FrameworkException::forMissingExtension('intl')
#1 C:\xampp\htdocs\ERPPDV\system\CodeIgniter.php(177): CodeIgniter\CodeIgniter->resolvePlatformExtensions()
#2 C:\xampp\htdocs\ERPPDV\system\bootstrap.php(146): CodeIgniter\CodeIgniter->initialize()
#3 C:\xampp\htdocs\ERPPDV\public\index.php(28): require('C:\\xampp\\htdocs...')
#4 {main}
CRITICAL - 2022-05-04 03:13:57 --> The framework needs the following extension(s) installed and loaded: intl.
#0 C:\xamppi\htdocs\ERPPDV\system\CodeIgniter.php(219): CodeIgniter\Exceptions\FrameworkException::forMissingExtension('intl')
#1 C:\xamppi\htdocs\ERPPDV\system\CodeIgniter.php(177): CodeIgniter\CodeIgniter->resolvePlatformExtensions()
#2 C:\xamppi\htdocs\ERPPDV\system\bootstrap.php(146): CodeIgniter\CodeIgniter->initialize()
#3 C:\xamppi\htdocs\ERPPDV\public\index.php(28): require('C:\\xamppi\\htdoc...')
#4 {main}
CRITICAL - 2022-05-04 03:14:04 --> The framework needs the following extension(s) installed and loaded: intl.
#0 C:\xamppi\htdocs\ERPPDV\system\CodeIgniter.php(219): CodeIgniter\Exceptions\FrameworkException::forMissingExtension('intl')
#1 C:\xamppi\htdocs\ERPPDV\system\CodeIgniter.php(177): CodeIgniter\CodeIgniter->resolvePlatformExtensions()
#2 C:\xamppi\htdocs\ERPPDV\system\bootstrap.php(146): CodeIgniter\CodeIgniter->initialize()
#3 C:\xamppi\htdocs\ERPPDV\public\index.php(28): require('C:\\xamppi\\htdoc...')
#4 {main}
CRITICAL - 2022-05-04 03:19:41 --> The framework needs the following extension(s) installed and loaded: intl.
#0 C:\xamppi\htdocs\ERPPDV\system\CodeIgniter.php(219): CodeIgniter\Exceptions\FrameworkException::forMissingExtension('intl')
#1 C:\xamppi\htdocs\ERPPDV\system\CodeIgniter.php(177): CodeIgniter\CodeIgniter->resolvePlatformExtensions()
#2 C:\xamppi\htdocs\ERPPDV\system\bootstrap.php(146): CodeIgniter\CodeIgniter->initialize()
#3 C:\xamppi\htdocs\ERPPDV\public\index.php(28): require('C:\\xamppi\\htdoc...')
#4 {main}
CRITICAL - 2022-05-04 03:21:26 --> The framework needs the following extension(s) installed and loaded: intl.
#0 C:\xamppi\htdocs\ERPPDV\system\CodeIgniter.php(219): CodeIgniter\Exceptions\FrameworkException::forMissingExtension('intl')
#1 C:\xamppi\htdocs\ERPPDV\system\CodeIgniter.php(177): CodeIgniter\CodeIgniter->resolvePlatformExtensions()
#2 C:\xamppi\htdocs\ERPPDV\system\bootstrap.php(146): CodeIgniter\CodeIgniter->initialize()
#3 C:\xamppi\htdocs\ERPPDV\public\index.php(28): require('C:\\xamppi\\htdoc...')
#4 {main}
CRITICAL - 2022-05-04 03:21:26 --> The framework needs the following extension(s) installed and loaded: intl.
#0 C:\xamppi\htdocs\ERPPDV\system\CodeIgniter.php(219): CodeIgniter\Exceptions\FrameworkException::forMissingExtension('intl')
#1 C:\xamppi\htdocs\ERPPDV\system\CodeIgniter.php(177): CodeIgniter\CodeIgniter->resolvePlatformExtensions()
#2 C:\xamppi\htdocs\ERPPDV\system\bootstrap.php(146): CodeIgniter\CodeIgniter->initialize()
#3 C:\xamppi\htdocs\ERPPDV\public\index.php(28): require('C:\\xamppi\\htdoc...')
#4 {main}
CRITICAL - 2022-05-04 03:23:52 --> The framework needs the following extension(s) installed and loaded: intl.
#0 C:\xamppi\htdocs\ERPPDV\system\CodeIgniter.php(219): CodeIgniter\Exceptions\FrameworkException::forMissingExtension('intl')
#1 C:\xamppi\htdocs\ERPPDV\system\CodeIgniter.php(177): CodeIgniter\CodeIgniter->resolvePlatformExtensions()
#2 C:\xamppi\htdocs\ERPPDV\system\bootstrap.php(146): CodeIgniter\CodeIgniter->initialize()
#3 C:\xamppi\htdocs\ERPPDV\public\index.php(28): require('C:\\xamppi\\htdoc...')
#4 {main}
CRITICAL - 2022-05-04 03:23:53 --> The framework needs the following extension(s) installed and loaded: intl.
#0 C:\xamppi\htdocs\ERPPDV\system\CodeIgniter.php(219): CodeIgniter\Exceptions\FrameworkException::forMissingExtension('intl')
#1 C:\xamppi\htdocs\ERPPDV\system\CodeIgniter.php(177): CodeIgniter\CodeIgniter->resolvePlatformExtensions()
#2 C:\xamppi\htdocs\ERPPDV\system\bootstrap.php(146): CodeIgniter\CodeIgniter->initialize()
#3 C:\xamppi\htdocs\ERPPDV\public\index.php(28): require('C:\\xamppi\\htdoc...')
#4 {main}
CRITICAL - 2022-05-04 03:23:53 --> The framework needs the following extension(s) installed and loaded: intl.
#0 C:\xamppi\htdocs\ERPPDV\system\CodeIgniter.php(219): CodeIgniter\Exceptions\FrameworkException::forMissingExtension('intl')
#1 C:\xamppi\htdocs\ERPPDV\system\CodeIgniter.php(177): CodeIgniter\CodeIgniter->resolvePlatformExtensions()
#2 C:\xamppi\htdocs\ERPPDV\system\bootstrap.php(146): CodeIgniter\CodeIgniter->initialize()
#3 C:\xamppi\htdocs\ERPPDV\public\index.php(28): require('C:\\xamppi\\htdoc...')
#4 {main}
CRITICAL - 2022-05-04 03:23:54 --> The framework needs the following extension(s) installed and loaded: intl.
#0 C:\xamppi\htdocs\ERPPDV\system\CodeIgniter.php(219): CodeIgniter\Exceptions\FrameworkException::forMissingExtension('intl')
#1 C:\xamppi\htdocs\ERPPDV\system\CodeIgniter.php(177): CodeIgniter\CodeIgniter->resolvePlatformExtensions()
#2 C:\xamppi\htdocs\ERPPDV\system\bootstrap.php(146): CodeIgniter\CodeIgniter->initialize()
#3 C:\xamppi\htdocs\ERPPDV\public\index.php(28): require('C:\\xamppi\\htdoc...')
#4 {main}
CRITICAL - 2022-05-04 03:23:54 --> The framework needs the following extension(s) installed and loaded: intl.
#0 C:\xamppi\htdocs\ERPPDV\system\CodeIgniter.php(219): CodeIgniter\Exceptions\FrameworkException::forMissingExtension('intl')
#1 C:\xamppi\htdocs\ERPPDV\system\CodeIgniter.php(177): CodeIgniter\CodeIgniter->resolvePlatformExtensions()
#2 C:\xamppi\htdocs\ERPPDV\system\bootstrap.php(146): CodeIgniter\CodeIgniter->initialize()
#3 C:\xamppi\htdocs\ERPPDV\public\index.php(28): require('C:\\xamppi\\htdoc...')
#4 {main}
CRITICAL - 2022-05-04 03:23:54 --> The framework needs the following extension(s) installed and loaded: intl.
#0 C:\xamppi\htdocs\ERPPDV\system\CodeIgniter.php(219): CodeIgniter\Exceptions\FrameworkException::forMissingExtension('intl')
#1 C:\xamppi\htdocs\ERPPDV\system\CodeIgniter.php(177): CodeIgniter\CodeIgniter->resolvePlatformExtensions()
#2 C:\xamppi\htdocs\ERPPDV\system\bootstrap.php(146): CodeIgniter\CodeIgniter->initialize()
#3 C:\xamppi\htdocs\ERPPDV\public\index.php(28): require('C:\\xamppi\\htdoc...')
#4 {main}
CRITICAL - 2022-05-04 03:23:55 --> The framework needs the following extension(s) installed and loaded: intl.
#0 C:\xamppi\htdocs\ERPPDV\system\CodeIgniter.php(219): CodeIgniter\Exceptions\FrameworkException::forMissingExtension('intl')
#1 C:\xamppi\htdocs\ERPPDV\system\CodeIgniter.php(177): CodeIgniter\CodeIgniter->resolvePlatformExtensions()
#2 C:\xamppi\htdocs\ERPPDV\system\bootstrap.php(146): CodeIgniter\CodeIgniter->initialize()
#3 C:\xamppi\htdocs\ERPPDV\public\index.php(28): require('C:\\xamppi\\htdoc...')
#4 {main}
CRITICAL - 2022-05-04 03:23:58 --> The framework needs the following extension(s) installed and loaded: intl.
#0 C:\xamppi\htdocs\ERPPDV\system\CodeIgniter.php(219): CodeIgniter\Exceptions\FrameworkException::forMissingExtension('intl')
#1 C:\xamppi\htdocs\ERPPDV\system\CodeIgniter.php(177): CodeIgniter\CodeIgniter->resolvePlatformExtensions()
#2 C:\xamppi\htdocs\ERPPDV\system\bootstrap.php(146): CodeIgniter\CodeIgniter->initialize()
#3 C:\xamppi\htdocs\ERPPDV\public\index.php(28): require('C:\\xamppi\\htdoc...')
#4 {main}
CRITICAL - 2022-05-04 03:23:58 --> The framework needs the following extension(s) installed and loaded: intl.
#0 C:\xamppi\htdocs\ERPPDV\system\CodeIgniter.php(219): CodeIgniter\Exceptions\FrameworkException::forMissingExtension('intl')
#1 C:\xamppi\htdocs\ERPPDV\system\CodeIgniter.php(177): CodeIgniter\CodeIgniter->resolvePlatformExtensions()
#2 C:\xamppi\htdocs\ERPPDV\system\bootstrap.php(146): CodeIgniter\CodeIgniter->initialize()
#3 C:\xamppi\htdocs\ERPPDV\public\index.php(28): require('C:\\xamppi\\htdoc...')
#4 {main}
CRITICAL - 2022-05-04 03:23:58 --> The framework needs the following extension(s) installed and loaded: intl.
#0 C:\xamppi\htdocs\ERPPDV\system\CodeIgniter.php(219): CodeIgniter\Exceptions\FrameworkException::forMissingExtension('intl')
#1 C:\xamppi\htdocs\ERPPDV\system\CodeIgniter.php(177): CodeIgniter\CodeIgniter->resolvePlatformExtensions()
#2 C:\xamppi\htdocs\ERPPDV\system\bootstrap.php(146): CodeIgniter\CodeIgniter->initialize()
#3 C:\xamppi\htdocs\ERPPDV\public\index.php(28): require('C:\\xamppi\\htdoc...')
#4 {main}
CRITICAL - 2022-05-04 03:25:52 --> The framework needs the following extension(s) installed and loaded: intl.
#0 C:\xamppi\htdocs\ERPPDV\system\CodeIgniter.php(219): CodeIgniter\Exceptions\FrameworkException::forMissingExtension('intl')
#1 C:\xamppi\htdocs\ERPPDV\system\CodeIgniter.php(177): CodeIgniter\CodeIgniter->resolvePlatformExtensions()
#2 C:\xamppi\htdocs\ERPPDV\system\bootstrap.php(146): CodeIgniter\CodeIgniter->initialize()
#3 C:\xamppi\htdocs\ERPPDV\public\index.php(28): require('C:\\xamppi\\htdoc...')
#4 {main}
CRITICAL - 2022-05-04 19:51:05 --> require(C:\xamppi\htdocs\ERPPDV\app\Views\components): failed to open stream: Permission denied
#0 C:\xamppi\htdocs\ERPPDV\app\Views\app.php(19): CodeIgniter\Debug\Exceptions->errorHandler(2, 'require(C:\\xamp...', 'C:\\xamppi\\htdoc...', 19, Array)
#1 C:\xamppi\htdocs\ERPPDV\app\Views\app.php(19): require()
#2 C:\xamppi\htdocs\ERPPDV\system\View\View.php(210): include('C:\\xamppi\\htdoc...')
#3 C:\xamppi\htdocs\ERPPDV\system\View\View.php(213): CodeIgniter\View\View->CodeIgniter\View\{closure}()
#4 C:\xamppi\htdocs\ERPPDV\system\Common.php(1089): CodeIgniter\View\View->render('app', Array, true)
#5 C:\xamppi\htdocs\ERPPDV\app\Controllers\Home.php(9): view('app')
#6 C:\xamppi\htdocs\ERPPDV\system\CodeIgniter.php(832): App\Controllers\Home->principal()
#7 C:\xamppi\htdocs\ERPPDV\system\CodeIgniter.php(419): CodeIgniter\CodeIgniter->runController(Object(App\Controllers\Home))
#8 C:\xamppi\htdocs\ERPPDV\system\CodeIgniter.php(326): CodeIgniter\CodeIgniter->handleRequest(NULL, Object(Config\Cache), false)
#9 C:\xamppi\htdocs\ERPPDV\public\index.php(37): CodeIgniter\CodeIgniter->run()
#10 {main}
CRITICAL - 2022-05-04 19:51:05 --> require(C:\xamppi\htdocs\ERPPDV\app\Views\components): failed to open stream: Permission denied
#0 C:\xamppi\htdocs\ERPPDV\app\Views\app.php(19): CodeIgniter\Debug\Exceptions->errorHandler(2, 'require(C:\\xamp...', 'C:\\xamppi\\htdoc...', 19, Array)
#1 C:\xamppi\htdocs\ERPPDV\app\Views\app.php(19): require()
#2 C:\xamppi\htdocs\ERPPDV\system\View\View.php(210): include('C:\\xamppi\\htdoc...')
#3 C:\xamppi\htdocs\ERPPDV\system\View\View.php(213): CodeIgniter\View\View->CodeIgniter\View\{closure}()
#4 C:\xamppi\htdocs\ERPPDV\system\Common.php(1089): CodeIgniter\View\View->render('app', Array, true)
#5 C:\xamppi\htdocs\ERPPDV\app\Controllers\Home.php(9): view('app')
#6 C:\xamppi\htdocs\ERPPDV\system\CodeIgniter.php(832): App\Controllers\Home->principal()
#7 C:\xamppi\htdocs\ERPPDV\system\CodeIgniter.php(419): CodeIgniter\CodeIgniter->runController(Object(App\Controllers\Home))
#8 C:\xamppi\htdocs\ERPPDV\system\CodeIgniter.php(326): CodeIgniter\CodeIgniter->handleRequest(NULL, Object(Config\Cache), false)
#9 C:\xamppi\htdocs\ERPPDV\public\index.php(37): CodeIgniter\CodeIgniter->run()
#10 {main}
CRITICAL - 2022-05-04 19:51:06 --> require(C:\xamppi\htdocs\ERPPDV\app\Views\components): failed to open stream: Permission denied
#0 C:\xamppi\htdocs\ERPPDV\app\Views\app.php(19): CodeIgniter\Debug\Exceptions->errorHandler(2, 'require(C:\\xamp...', 'C:\\xamppi\\htdoc...', 19, Array)
#1 C:\xamppi\htdocs\ERPPDV\app\Views\app.php(19): require()
#2 C:\xamppi\htdocs\ERPPDV\system\View\View.php(210): include('C:\\xamppi\\htdoc...')
#3 C:\xamppi\htdocs\ERPPDV\system\View\View.php(213): CodeIgniter\View\View->CodeIgniter\View\{closure}()
#4 C:\xamppi\htdocs\ERPPDV\system\Common.php(1089): CodeIgniter\View\View->render('app', Array, true)
#5 C:\xamppi\htdocs\ERPPDV\app\Controllers\Home.php(9): view('app')
#6 C:\xamppi\htdocs\ERPPDV\system\CodeIgniter.php(832): App\Controllers\Home->principal()
#7 C:\xamppi\htdocs\ERPPDV\system\CodeIgniter.php(419): CodeIgniter\CodeIgniter->runController(Object(App\Controllers\Home))
#8 C:\xamppi\htdocs\ERPPDV\system\CodeIgniter.php(326): CodeIgniter\CodeIgniter->handleRequest(NULL, Object(Config\Cache), false)
#9 C:\xamppi\htdocs\ERPPDV\public\index.php(37): CodeIgniter\CodeIgniter->run()
#10 {main}
CRITICAL - 2022-05-04 20:39:08 --> require(component): failed to open stream: No such file or directory
#0 C:\xamppi\htdocs\ERPPDV\app\Views\components\section.php(8): CodeIgniter\Debug\Exceptions->errorHandler(2, 'require(compone...', 'C:\\xamppi\\htdoc...', 8, Array)
#1 C:\xamppi\htdocs\ERPPDV\app\Views\components\section.php(8): require()
#2 C:\xamppi\htdocs\ERPPDV\app\Views\app.php(29): require('C:\\xamppi\\htdoc...')
#3 C:\xamppi\htdocs\ERPPDV\system\View\View.php(210): include('C:\\xamppi\\htdoc...')
#4 C:\xamppi\htdocs\ERPPDV\system\View\View.php(213): CodeIgniter\View\View->CodeIgniter\View\{closure}()
#5 C:\xamppi\htdocs\ERPPDV\system\Common.php(1089): CodeIgniter\View\View->render('app', Array, true)
#6 C:\xamppi\htdocs\ERPPDV\app\Controllers\Home.php(9): view('app')
#7 C:\xamppi\htdocs\ERPPDV\system\CodeIgniter.php(832): App\Controllers\Home->principal()
#8 C:\xamppi\htdocs\ERPPDV\system\CodeIgniter.php(419): CodeIgniter\CodeIgniter->runController(Object(App\Controllers\Home))
#9 C:\xamppi\htdocs\ERPPDV\system\CodeIgniter.php(326): CodeIgniter\CodeIgniter->handleRequest(NULL, Object(Config\Cache), false)
#10 C:\xamppi\htdocs\ERPPDV\public\index.php(37): CodeIgniter\CodeIgniter->run()
#11 {main}
CRITICAL - 2022-05-04 20:39:09 --> require(component): failed to open stream: No such file or directory
#0 C:\xamppi\htdocs\ERPPDV\app\Views\components\section.php(8): CodeIgniter\Debug\Exceptions->errorHandler(2, 'require(compone...', 'C:\\xamppi\\htdoc...', 8, Array)
#1 C:\xamppi\htdocs\ERPPDV\app\Views\components\section.php(8): require()
#2 C:\xamppi\htdocs\ERPPDV\app\Views\app.php(29): require('C:\\xamppi\\htdoc...')
#3 C:\xamppi\htdocs\ERPPDV\system\View\View.php(210): include('C:\\xamppi\\htdoc...')
#4 C:\xamppi\htdocs\ERPPDV\system\View\View.php(213): CodeIgniter\View\View->CodeIgniter\View\{closure}()
#5 C:\xamppi\htdocs\ERPPDV\system\Common.php(1089): CodeIgniter\View\View->render('app', Array, true)
#6 C:\xamppi\htdocs\ERPPDV\app\Controllers\Home.php(9): view('app')
#7 C:\xamppi\htdocs\ERPPDV\system\CodeIgniter.php(832): App\Controllers\Home->principal()
#8 C:\xamppi\htdocs\ERPPDV\system\CodeIgniter.php(419): CodeIgniter\CodeIgniter->runController(Object(App\Controllers\Home))
#9 C:\xamppi\htdocs\ERPPDV\system\CodeIgniter.php(326): CodeIgniter\CodeIgniter->handleRequest(NULL, Object(Config\Cache), false)
#10 C:\xamppi\htdocs\ERPPDV\public\index.php(37): CodeIgniter\CodeIgniter->run()
#11 {main}
CRITICAL - 2022-05-04 20:39:09 --> require(component): failed to open stream: No such file or directory
#0 C:\xamppi\htdocs\ERPPDV\app\Views\components\section.php(8): CodeIgniter\Debug\Exceptions->errorHandler(2, 'require(compone...', 'C:\\xamppi\\htdoc...', 8, Array)
#1 C:\xamppi\htdocs\ERPPDV\app\Views\components\section.php(8): require()
#2 C:\xamppi\htdocs\ERPPDV\app\Views\app.php(29): require('C:\\xamppi\\htdoc...')
#3 C:\xamppi\htdocs\ERPPDV\system\View\View.php(210): include('C:\\xamppi\\htdoc...')
#4 C:\xamppi\htdocs\ERPPDV\system\View\View.php(213): CodeIgniter\View\View->CodeIgniter\View\{closure}()
#5 C:\xamppi\htdocs\ERPPDV\system\Common.php(1089): CodeIgniter\View\View->render('app', Array, true)
#6 C:\xamppi\htdocs\ERPPDV\app\Controllers\Home.php(9): view('app')
#7 C:\xamppi\htdocs\ERPPDV\system\CodeIgniter.php(832): App\Controllers\Home->principal()
#8 C:\xamppi\htdocs\ERPPDV\system\CodeIgniter.php(419): CodeIgniter\CodeIgniter->runController(Object(App\Controllers\Home))
#9 C:\xamppi\htdocs\ERPPDV\system\CodeIgniter.php(326): CodeIgniter\CodeIgniter->handleRequest(NULL, Object(Config\Cache), false)
#10 C:\xamppi\htdocs\ERPPDV\public\index.php(37): CodeIgniter\CodeIgniter->run()
#11 {main}
CRITICAL - 2022-05-04 20:39:09 --> require(component): failed to open stream: No such file or directory
#0 C:\xamppi\htdocs\ERPPDV\app\Views\components\section.php(8): CodeIgniter\Debug\Exceptions->errorHandler(2, 'require(compone...', 'C:\\xamppi\\htdoc...', 8, Array)
#1 C:\xamppi\htdocs\ERPPDV\app\Views\components\section.php(8): require()
#2 C:\xamppi\htdocs\ERPPDV\app\Views\app.php(29): require('C:\\xamppi\\htdoc...')
#3 C:\xamppi\htdocs\ERPPDV\system\View\View.php(210): include('C:\\xamppi\\htdoc...')
#4 C:\xamppi\htdocs\ERPPDV\system\View\View.php(213): CodeIgniter\View\View->CodeIgniter\View\{closure}()
#5 C:\xamppi\htdocs\ERPPDV\system\Common.php(1089): CodeIgniter\View\View->render('app', Array, true)
#6 C:\xamppi\htdocs\ERPPDV\app\Controllers\Home.php(9): view('app')
#7 C:\xamppi\htdocs\ERPPDV\system\CodeIgniter.php(832): App\Controllers\Home->principal()
#8 C:\xamppi\htdocs\ERPPDV\system\CodeIgniter.php(419): CodeIgniter\CodeIgniter->runController(Object(App\Controllers\Home))
#9 C:\xamppi\htdocs\ERPPDV\system\CodeIgniter.php(326): CodeIgniter\CodeIgniter->handleRequest(NULL, Object(Config\Cache), false)
#10 C:\xamppi\htdocs\ERPPDV\public\index.php(37): CodeIgniter\CodeIgniter->run()
#11 {main}
CRITICAL - 2022-05-04 20:39:10 --> require(component): failed to open stream: No such file or directory
#0 C:\xamppi\htdocs\ERPPDV\app\Views\components\section.php(8): CodeIgniter\Debug\Exceptions->errorHandler(2, 'require(compone...', 'C:\\xamppi\\htdoc...', 8, Array)
#1 C:\xamppi\htdocs\ERPPDV\app\Views\components\section.php(8): require()
#2 C:\xamppi\htdocs\ERPPDV\app\Views\app.php(29): require('C:\\xamppi\\htdoc...')
#3 C:\xamppi\htdocs\ERPPDV\system\View\View.php(210): include('C:\\xamppi\\htdoc...')
#4 C:\xamppi\htdocs\ERPPDV\system\View\View.php(213): CodeIgniter\View\View->CodeIgniter\View\{closure}()
#5 C:\xamppi\htdocs\ERPPDV\system\Common.php(1089): CodeIgniter\View\View->render('app', Array, true)
#6 C:\xamppi\htdocs\ERPPDV\app\Controllers\Home.php(9): view('app')
#7 C:\xamppi\htdocs\ERPPDV\system\CodeIgniter.php(832): App\Controllers\Home->principal()
#8 C:\xamppi\htdocs\ERPPDV\system\CodeIgniter.php(419): CodeIgniter\CodeIgniter->runController(Object(App\Controllers\Home))
#9 C:\xamppi\htdocs\ERPPDV\system\CodeIgniter.php(326): CodeIgniter\CodeIgniter->handleRequest(NULL, Object(Config\Cache), false)
#10 C:\xamppi\htdocs\ERPPDV\public\index.php(37): CodeIgniter\CodeIgniter->run()
#11 {main}
CRITICAL - 2022-05-04 20:39:10 --> require(component): failed to open stream: No such file or directory
#0 C:\xamppi\htdocs\ERPPDV\app\Views\components\section.php(8): CodeIgniter\Debug\Exceptions->errorHandler(2, 'require(compone...', 'C:\\xamppi\\htdoc...', 8, Array)
#1 C:\xamppi\htdocs\ERPPDV\app\Views\components\section.php(8): require()
#2 C:\xamppi\htdocs\ERPPDV\app\Views\app.php(29): require('C:\\xamppi\\htdoc...')
#3 C:\xamppi\htdocs\ERPPDV\system\View\View.php(210): include('C:\\xamppi\\htdoc...')
#4 C:\xamppi\htdocs\ERPPDV\system\View\View.php(213): CodeIgniter\View\View->CodeIgniter\View\{closure}()
#5 C:\xamppi\htdocs\ERPPDV\system\Common.php(1089): CodeIgniter\View\View->render('app', Array, true)
#6 C:\xamppi\htdocs\ERPPDV\app\Controllers\Home.php(9): view('app')
#7 C:\xamppi\htdocs\ERPPDV\system\CodeIgniter.php(832): App\Controllers\Home->principal()
#8 C:\xamppi\htdocs\ERPPDV\system\CodeIgniter.php(419): CodeIgniter\CodeIgniter->runController(Object(App\Controllers\Home))
#9 C:\xamppi\htdocs\ERPPDV\system\CodeIgniter.php(326): CodeIgniter\CodeIgniter->handleRequest(NULL, Object(Config\Cache), false)
#10 C:\xamppi\htdocs\ERPPDV\public\index.php(37): CodeIgniter\CodeIgniter->run()
#11 {main}
CRITICAL - 2022-05-04 20:39:14 --> require(component): failed to open stream: No such file or directory
#0 C:\xamppi\htdocs\ERPPDV\app\Views\components\section.php(8): CodeIgniter\Debug\Exceptions->errorHandler(2, 'require(compone...', 'C:\\xamppi\\htdoc...', 8, Array)
#1 C:\xamppi\htdocs\ERPPDV\app\Views\components\section.php(8): require()
#2 C:\xamppi\htdocs\ERPPDV\app\Views\app.php(29): require('C:\\xamppi\\htdoc...')
#3 C:\xamppi\htdocs\ERPPDV\system\View\View.php(210): include('C:\\xamppi\\htdoc...')
#4 C:\xamppi\htdocs\ERPPDV\system\View\View.php(213): CodeIgniter\View\View->CodeIgniter\View\{closure}()
#5 C:\xamppi\htdocs\ERPPDV\system\Common.php(1089): CodeIgniter\View\View->render('app', Array, true)
#6 C:\xamppi\htdocs\ERPPDV\app\Controllers\Home.php(9): view('app')
#7 C:\xamppi\htdocs\ERPPDV\system\CodeIgniter.php(832): App\Controllers\Home->principal()
#8 C:\xamppi\htdocs\ERPPDV\system\CodeIgniter.php(419): CodeIgniter\CodeIgniter->runController(Object(App\Controllers\Home))
#9 C:\xamppi\htdocs\ERPPDV\system\CodeIgniter.php(326): CodeIgniter\CodeIgniter->handleRequest(NULL, Object(Config\Cache), false)
#10 C:\xamppi\htdocs\ERPPDV\public\index.php(37): CodeIgniter\CodeIgniter->run()
#11 {main}
CRITICAL - 2022-05-04 20:39:14 --> require(component): failed to open stream: No such file or directory
#0 C:\xamppi\htdocs\ERPPDV\app\Views\components\section.php(8): CodeIgniter\Debug\Exceptions->errorHandler(2, 'require(compone...', 'C:\\xamppi\\htdoc...', 8, Array)
#1 C:\xamppi\htdocs\ERPPDV\app\Views\components\section.php(8): require()
#2 C:\xamppi\htdocs\ERPPDV\app\Views\app.php(29): require('C:\\xamppi\\htdoc...')
#3 C:\xamppi\htdocs\ERPPDV\system\View\View.php(210): include('C:\\xamppi\\htdoc...')
#4 C:\xamppi\htdocs\ERPPDV\system\View\View.php(213): CodeIgniter\View\View->CodeIgniter\View\{closure}()
#5 C:\xamppi\htdocs\ERPPDV\system\Common.php(1089): CodeIgniter\View\View->render('app', Array, true)
#6 C:\xamppi\htdocs\ERPPDV\app\Controllers\Home.php(9): view('app')
#7 C:\xamppi\htdocs\ERPPDV\system\CodeIgniter.php(832): App\Controllers\Home->principal()
#8 C:\xamppi\htdocs\ERPPDV\system\CodeIgniter.php(419): CodeIgniter\CodeIgniter->runController(Object(App\Controllers\Home))
#9 C:\xamppi\htdocs\ERPPDV\system\CodeIgniter.php(326): CodeIgniter\CodeIgniter->handleRequest(NULL, Object(Config\Cache), false)
#10 C:\xamppi\htdocs\ERPPDV\public\index.php(37): CodeIgniter\CodeIgniter->run()
#11 {main}
CRITICAL - 2022-05-04 20:39:15 --> require(component): failed to open stream: No such file or directory
#0 C:\xamppi\htdocs\ERPPDV\app\Views\components\section.php(8): CodeIgniter\Debug\Exceptions->errorHandler(2, 'require(compone...', 'C:\\xamppi\\htdoc...', 8, Array)
#1 C:\xamppi\htdocs\ERPPDV\app\Views\components\section.php(8): require()
#2 C:\xamppi\htdocs\ERPPDV\app\Views\app.php(29): require('C:\\xamppi\\htdoc...')
#3 C:\xamppi\htdocs\ERPPDV\system\View\View.php(210): include('C:\\xamppi\\htdoc...')
#4 C:\xamppi\htdocs\ERPPDV\system\View\View.php(213): CodeIgniter\View\View->CodeIgniter\View\{closure}()
#5 C:\xamppi\htdocs\ERPPDV\system\Common.php(1089): CodeIgniter\View\View->render('app', Array, true)
#6 C:\xamppi\htdocs\ERPPDV\app\Controllers\Home.php(9): view('app')
#7 C:\xamppi\htdocs\ERPPDV\system\CodeIgniter.php(832): App\Controllers\Home->principal()
#8 C:\xamppi\htdocs\ERPPDV\system\CodeIgniter.php(419): CodeIgniter\CodeIgniter->runController(Object(App\Controllers\Home))
#9 C:\xamppi\htdocs\ERPPDV\system\CodeIgniter.php(326): CodeIgniter\CodeIgniter->handleRequest(NULL, Object(Config\Cache), false)
#10 C:\xamppi\htdocs\ERPPDV\public\index.php(37): CodeIgniter\CodeIgniter->run()
#11 {main}
CRITICAL - 2022-05-04 20:39:15 --> require(component): failed to open stream: No such file or directory
#0 C:\xamppi\htdocs\ERPPDV\app\Views\components\section.php(8): CodeIgniter\Debug\Exceptions->errorHandler(2, 'require(compone...', 'C:\\xamppi\\htdoc...', 8, Array)
#1 C:\xamppi\htdocs\ERPPDV\app\Views\components\section.php(8): require()
#2 C:\xamppi\htdocs\ERPPDV\app\Views\app.php(29): require('C:\\xamppi\\htdoc...')
#3 C:\xamppi\htdocs\ERPPDV\system\View\View.php(210): include('C:\\xamppi\\htdoc...')
#4 C:\xamppi\htdocs\ERPPDV\system\View\View.php(213): CodeIgniter\View\View->CodeIgniter\View\{closure}()
#5 C:\xamppi\htdocs\ERPPDV\system\Common.php(1089): CodeIgniter\View\View->render('app', Array, true)
#6 C:\xamppi\htdocs\ERPPDV\app\Controllers\Home.php(9): view('app')
#7 C:\xamppi\htdocs\ERPPDV\system\CodeIgniter.php(832): App\Controllers\Home->principal()
#8 C:\xamppi\htdocs\ERPPDV\system\CodeIgniter.php(419): CodeIgniter\CodeIgniter->runController(Object(App\Controllers\Home))
#9 C:\xamppi\htdocs\ERPPDV\system\CodeIgniter.php(326): CodeIgniter\CodeIgniter->handleRequest(NULL, Object(Config\Cache), false)
#10 C:\xamppi\htdocs\ERPPDV\public\index.php(37): CodeIgniter\CodeIgniter->run()
#11 {main}
CRITICAL - 2022-05-04 21:06:19 --> Invalid file: estoque.php
#0 C:\xamppi\htdocs\ERPPDV\system\View\View.php(198): CodeIgniter\Exceptions\FrameworkException::forInvalidFile('estoque.php')
#1 C:\xamppi\htdocs\ERPPDV\system\Common.php(1089): CodeIgniter\View\View->render('estoque', Array, true)
#2 C:\xamppi\htdocs\ERPPDV\app\Controllers\Home.php(14): view('estoque')
#3 C:\xamppi\htdocs\ERPPDV\system\CodeIgniter.php(832): App\Controllers\Home->estoque()
#4 C:\xamppi\htdocs\ERPPDV\system\CodeIgniter.php(419): CodeIgniter\CodeIgniter->runController(Object(App\Controllers\Home))
#5 C:\xamppi\htdocs\ERPPDV\system\CodeIgniter.php(326): CodeIgniter\CodeIgniter->handleRequest(NULL, Object(Config\Cache), false)
#6 C:\xamppi\htdocs\ERPPDV\public\index.php(37): CodeIgniter\CodeIgniter->run()
#7 {main}
CRITICAL - 2022-05-04 21:06:31 --> Invalid file: estoque.php
#0 C:\xamppi\htdocs\ERPPDV\system\View\View.php(198): CodeIgniter\Exceptions\FrameworkException::forInvalidFile('estoque.php')
#1 C:\xamppi\htdocs\ERPPDV\system\Common.php(1089): CodeIgniter\View\View->render('estoque', Array, true)
#2 C:\xamppi\htdocs\ERPPDV\app\Controllers\Home.php(14): view('estoque')
#3 C:\xamppi\htdocs\ERPPDV\system\CodeIgniter.php(832): App\Controllers\Home->estoque()
#4 C:\xamppi\htdocs\ERPPDV\system\CodeIgniter.php(419): CodeIgniter\CodeIgniter->runController(Object(App\Controllers\Home))
#5 C:\xamppi\htdocs\ERPPDV\system\CodeIgniter.php(326): CodeIgniter\CodeIgniter->handleRequest(NULL, Object(Config\Cache), false)
#6 C:\xamppi\htdocs\ERPPDV\public\index.php(37): CodeIgniter\CodeIgniter->run()
#7 {main}
CRITICAL - 2022-05-04 21:06:31 --> Invalid file: estoque.php
#0 C:\xamppi\htdocs\ERPPDV\system\View\View.php(198): CodeIgniter\Exceptions\FrameworkException::forInvalidFile('estoque.php')
#1 C:\xamppi\htdocs\ERPPDV\system\Common.php(1089): CodeIgniter\View\View->render('estoque', Array, true)
#2 C:\xamppi\htdocs\ERPPDV\app\Controllers\Home.php(14): view('estoque')
#3 C:\xamppi\htdocs\ERPPDV\system\CodeIgniter.php(832): App\Controllers\Home->estoque()
#4 C:\xamppi\htdocs\ERPPDV\system\CodeIgniter.php(419): CodeIgniter\CodeIgniter->runController(Object(App\Controllers\Home))
#5 C:\xamppi\htdocs\ERPPDV\system\CodeIgniter.php(326): CodeIgniter\CodeIgniter->handleRequest(NULL, Object(Config\Cache), false)
#6 C:\xamppi\htdocs\ERPPDV\public\index.php(37): CodeIgniter\CodeIgniter->run()
#7 {main}
CRITICAL - 2022-05-04 21:06:31 --> Invalid file: estoque.php
#0 C:\xamppi\htdocs\ERPPDV\system\View\View.php(198): CodeIgniter\Exceptions\FrameworkException::forInvalidFile('estoque.php')
#1 C:\xamppi\htdocs\ERPPDV\system\Common.php(1089): CodeIgniter\View\View->render('estoque', Array, true)
#2 C:\xamppi\htdocs\ERPPDV\app\Controllers\Home.php(14): view('estoque')
#3 C:\xamppi\htdocs\ERPPDV\system\CodeIgniter.php(832): App\Controllers\Home->estoque()
#4 C:\xamppi\htdocs\ERPPDV\system\CodeIgniter.php(419): CodeIgniter\CodeIgniter->runController(Object(App\Controllers\Home))
#5 C:\xamppi\htdocs\ERPPDV\system\CodeIgniter.php(326): CodeIgniter\CodeIgniter->handleRequest(NULL, Object(Config\Cache), false)
#6 C:\xamppi\htdocs\ERPPDV\public\index.php(37): CodeIgniter\CodeIgniter->run()
#7 {main}
CRITICAL - 2022-05-04 21:06:32 --> Invalid file: estoque.php
#0 C:\xamppi\htdocs\ERPPDV\system\View\View.php(198): CodeIgniter\Exceptions\FrameworkException::forInvalidFile('estoque.php')
#1 C:\xamppi\htdocs\ERPPDV\system\Common.php(1089): CodeIgniter\View\View->render('estoque', Array, true)
#2 C:\xamppi\htdocs\ERPPDV\app\Controllers\Home.php(14): view('estoque')
#3 C:\xamppi\htdocs\ERPPDV\system\CodeIgniter.php(832): App\Controllers\Home->estoque()
#4 C:\xamppi\htdocs\ERPPDV\system\CodeIgniter.php(419): CodeIgniter\CodeIgniter->runController(Object(App\Controllers\Home))
#5 C:\xamppi\htdocs\ERPPDV\system\CodeIgniter.php(326): CodeIgniter\CodeIgniter->handleRequest(NULL, Object(Config\Cache), false)
#6 C:\xamppi\htdocs\ERPPDV\public\index.php(37): CodeIgniter\CodeIgniter->run()
#7 {main}
CRITICAL - 2022-05-04 21:06:32 --> Invalid file: estoque.php
#0 C:\xamppi\htdocs\ERPPDV\system\View\View.php(198): CodeIgniter\Exceptions\FrameworkException::forInvalidFile('estoque.php')
#1 C:\xamppi\htdocs\ERPPDV\system\Common.php(1089): CodeIgniter\View\View->render('estoque', Array, true)
#2 C:\xamppi\htdocs\ERPPDV\app\Controllers\Home.php(14): view('estoque')
#3 C:\xamppi\htdocs\ERPPDV\system\CodeIgniter.php(832): App\Controllers\Home->estoque()
#4 C:\xamppi\htdocs\ERPPDV\system\CodeIgniter.php(419): CodeIgniter\CodeIgniter->runController(Object(App\Controllers\Home))
#5 C:\xamppi\htdocs\ERPPDV\system\CodeIgniter.php(326): CodeIgniter\CodeIgniter->handleRequest(NULL, Object(Config\Cache), false)
#6 C:\xamppi\htdocs\ERPPDV\public\index.php(37): CodeIgniter\CodeIgniter->run()
#7 {main}
CRITICAL - 2022-05-04 21:08:09 --> syntax error, unexpected '}'
#0 C:\xamppi\htdocs\ERPPDV\system\Router\Router.php(175): CodeIgniter\Router\Router->autoRoute('home/estoque')
#1 C:\xamppi\htdocs\ERPPDV\system\CodeIgniter.php(726): CodeIgniter\Router\Router->handle('home/estoque')
#2 C:\xamppi\htdocs\ERPPDV\system\CodeIgniter.php(368): CodeIgniter\CodeIgniter->tryToRouteIt(Object(CodeIgniter\Router\RouteCollection))
#3 C:\xamppi\htdocs\ERPPDV\system\CodeIgniter.php(326): CodeIgniter\CodeIgniter->handleRequest(NULL, Object(Config\Cache), false)
#4 C:\xamppi\htdocs\ERPPDV\public\index.php(37): CodeIgniter\CodeIgniter->run()
#5 {main}
CRITICAL - 2022-05-04 21:08:10 --> syntax error, unexpected '}'
#0 C:\xamppi\htdocs\ERPPDV\system\Router\Router.php(175): CodeIgniter\Router\Router->autoRoute('home/estoque')
#1 C:\xamppi\htdocs\ERPPDV\system\CodeIgniter.php(726): CodeIgniter\Router\Router->handle('home/estoque')
#2 C:\xamppi\htdocs\ERPPDV\system\CodeIgniter.php(368): CodeIgniter\CodeIgniter->tryToRouteIt(Object(CodeIgniter\Router\RouteCollection))
#3 C:\xamppi\htdocs\ERPPDV\system\CodeIgniter.php(326): CodeIgniter\CodeIgniter->handleRequest(NULL, Object(Config\Cache), false)
#4 C:\xamppi\htdocs\ERPPDV\public\index.php(37): CodeIgniter\CodeIgniter->run()
#5 {main}
CRITICAL - 2022-05-04 21:08:10 --> syntax error, unexpected '}'
#0 C:\xamppi\htdocs\ERPPDV\system\Router\Router.php(175): CodeIgniter\Router\Router->autoRoute('home/estoque')
#1 C:\xamppi\htdocs\ERPPDV\system\CodeIgniter.php(726): CodeIgniter\Router\Router->handle('home/estoque')
#2 C:\xamppi\htdocs\ERPPDV\system\CodeIgniter.php(368): CodeIgniter\CodeIgniter->tryToRouteIt(Object(CodeIgniter\Router\RouteCollection))
#3 C:\xamppi\htdocs\ERPPDV\system\CodeIgniter.php(326): CodeIgniter\CodeIgniter->handleRequest(NULL, Object(Config\Cache), false)
#4 C:\xamppi\htdocs\ERPPDV\public\index.php(37): CodeIgniter\CodeIgniter->run()
#5 {main}
CRITICAL - 2022-05-04 21:08:10 --> syntax error, unexpected '}'
#0 C:\xamppi\htdocs\ERPPDV\system\Router\Router.php(175): CodeIgniter\Router\Router->autoRoute('home/estoque')
#1 C:\xamppi\htdocs\ERPPDV\system\CodeIgniter.php(726): CodeIgniter\Router\Router->handle('home/estoque')
#2 C:\xamppi\htdocs\ERPPDV\system\CodeIgniter.php(368): CodeIgniter\CodeIgniter->tryToRouteIt(Object(CodeIgniter\Router\RouteCollection))
#3 C:\xamppi\htdocs\ERPPDV\system\CodeIgniter.php(326): CodeIgniter\CodeIgniter->handleRequest(NULL, Object(Config\Cache), false)
#4 C:\xamppi\htdocs\ERPPDV\public\index.php(37): CodeIgniter\CodeIgniter->run()
#5 {main}
CRITICAL - 2022-05-04 21:08:10 --> syntax error, unexpected '}'
#0 C:\xamppi\htdocs\ERPPDV\system\Router\Router.php(175): CodeIgniter\Router\Router->autoRoute('home/estoque')
#1 C:\xamppi\htdocs\ERPPDV\system\CodeIgniter.php(726): CodeIgniter\Router\Router->handle('home/estoque')
#2 C:\xamppi\htdocs\ERPPDV\system\CodeIgniter.php(368): CodeIgniter\CodeIgniter->tryToRouteIt(Object(CodeIgniter\Router\RouteCollection))
#3 C:\xamppi\htdocs\ERPPDV\system\CodeIgniter.php(326): CodeIgniter\CodeIgniter->handleRequest(NULL, Object(Config\Cache), false)
#4 C:\xamppi\htdocs\ERPPDV\public\index.php(37): CodeIgniter\CodeIgniter->run()
#5 {main}
CRITICAL - 2022-05-04 21:10:41 --> syntax error, unexpected 'header' (T_STRING), expecting ';'
#0 C:\xamppi\htdocs\ERPPDV\system\Router\Router.php(175): CodeIgniter\Router\Router->autoRoute('home/estoque')
#1 C:\xamppi\htdocs\ERPPDV\system\CodeIgniter.php(726): CodeIgniter\Router\Router->handle('home/estoque')
#2 C:\xamppi\htdocs\ERPPDV\system\CodeIgniter.php(368): CodeIgniter\CodeIgniter->tryToRouteIt(Object(CodeIgniter\Router\RouteCollection))
#3 C:\xamppi\htdocs\ERPPDV\system\CodeIgniter.php(326): CodeIgniter\CodeIgniter->handleRequest(NULL, Object(Config\Cache), false)
#4 C:\xamppi\htdocs\ERPPDV\public\index.php(37): CodeIgniter\CodeIgniter->run()
#5 {main}
CRITICAL - 2022-05-04 21:10:41 --> syntax error, unexpected 'header' (T_STRING), expecting ';'
#0 C:\xamppi\htdocs\ERPPDV\system\Router\Router.php(175): CodeIgniter\Router\Router->autoRoute('home/estoque')
#1 C:\xamppi\htdocs\ERPPDV\system\CodeIgniter.php(726): CodeIgniter\Router\Router->handle('home/estoque')
#2 C:\xamppi\htdocs\ERPPDV\system\CodeIgniter.php(368): CodeIgniter\CodeIgniter->tryToRouteIt(Object(CodeIgniter\Router\RouteCollection))
#3 C:\xamppi\htdocs\ERPPDV\system\CodeIgniter.php(326): CodeIgniter\CodeIgniter->handleRequest(NULL, Object(Config\Cache), false)
#4 C:\xamppi\htdocs\ERPPDV\public\index.php(37): CodeIgniter\CodeIgniter->run()
#5 {main}
CRITICAL - 2022-05-04 21:10:42 --> syntax error, unexpected 'header' (T_STRING), expecting ';'
#0 C:\xamppi\htdocs\ERPPDV\system\Router\Router.php(175): CodeIgniter\Router\Router->autoRoute('home/estoque')
#1 C:\xamppi\htdocs\ERPPDV\system\CodeIgniter.php(726): CodeIgniter\Router\Router->handle('home/estoque')
#2 C:\xamppi\htdocs\ERPPDV\system\CodeIgniter.php(368): CodeIgniter\CodeIgniter->tryToRouteIt(Object(CodeIgniter\Router\RouteCollection))
#3 C:\xamppi\htdocs\ERPPDV\system\CodeIgniter.php(326): CodeIgniter\CodeIgniter->handleRequest(NULL, Object(Config\Cache), false)
#4 C:\xamppi\htdocs\ERPPDV\public\index.php(37): CodeIgniter\CodeIgniter->run()
#5 {main}
CRITICAL - 2022-05-04 21:15:42 --> syntax error, unexpected '}'
#0 C:\xamppi\htdocs\ERPPDV\system\Router\Router.php(175): CodeIgniter\Router\Router->autoRoute('home/estoque')
#1 C:\xamppi\htdocs\ERPPDV\system\CodeIgniter.php(726): CodeIgniter\Router\Router->handle('home/estoque')
#2 C:\xamppi\htdocs\ERPPDV\system\CodeIgniter.php(368): CodeIgniter\CodeIgniter->tryToRouteIt(Object(CodeIgniter\Router\RouteCollection))
#3 C:\xamppi\htdocs\ERPPDV\system\CodeIgniter.php(326): CodeIgniter\CodeIgniter->handleRequest(NULL, Object(Config\Cache), false)
#4 C:\xamppi\htdocs\ERPPDV\public\index.php(37): CodeIgniter\CodeIgniter->run()
#5 {main}
CRITICAL - 2022-05-04 21:15:42 --> syntax error, unexpected '}'
#0 C:\xamppi\htdocs\ERPPDV\system\Router\Router.php(175): CodeIgniter\Router\Router->autoRoute('home/estoque')
#1 C:\xamppi\htdocs\ERPPDV\system\CodeIgniter.php(726): CodeIgniter\Router\Router->handle('home/estoque')
#2 C:\xamppi\htdocs\ERPPDV\system\CodeIgniter.php(368): CodeIgniter\CodeIgniter->tryToRouteIt(Object(CodeIgniter\Router\RouteCollection))
#3 C:\xamppi\htdocs\ERPPDV\system\CodeIgniter.php(326): CodeIgniter\CodeIgniter->handleRequest(NULL, Object(Config\Cache), false)
#4 C:\xamppi\htdocs\ERPPDV\public\index.php(37): CodeIgniter\CodeIgniter->run()
#5 {main}
CRITICAL - 2022-05-04 21:15:42 --> syntax error, unexpected '}'
#0 C:\xamppi\htdocs\ERPPDV\system\Router\Router.php(175): CodeIgniter\Router\Router->autoRoute('home/estoque')
#1 C:\xamppi\htdocs\ERPPDV\system\CodeIgniter.php(726): CodeIgniter\Router\Router->handle('home/estoque')
#2 C:\xamppi\htdocs\ERPPDV\system\CodeIgniter.php(368): CodeIgniter\CodeIgniter->tryToRouteIt(Object(CodeIgniter\Router\RouteCollection))
#3 C:\xamppi\htdocs\ERPPDV\system\CodeIgniter.php(326): CodeIgniter\CodeIgniter->handleRequest(NULL, Object(Config\Cache), false)
#4 C:\xamppi\htdocs\ERPPDV\public\index.php(37): CodeIgniter\CodeIgniter->run()
#5 {main}
CRITICAL - 2022-05-04 21:15:58 --> syntax error, unexpected '}'
#0 C:\xamppi\htdocs\ERPPDV\system\Router\Router.php(175): CodeIgniter\Router\Router->autoRoute('home/estoque')
#1 C:\xamppi\htdocs\ERPPDV\system\CodeIgniter.php(726): CodeIgniter\Router\Router->handle('home/estoque')
#2 C:\xamppi\htdocs\ERPPDV\system\CodeIgniter.php(368): CodeIgniter\CodeIgniter->tryToRouteIt(Object(CodeIgniter\Router\RouteCollection))
#3 C:\xamppi\htdocs\ERPPDV\system\CodeIgniter.php(326): CodeIgniter\CodeIgniter->handleRequest(NULL, Object(Config\Cache), false)
#4 C:\xamppi\htdocs\ERPPDV\public\index.php(37): CodeIgniter\CodeIgniter->run()
#5 {main}
CRITICAL - 2022-05-04 21:15:58 --> syntax error, unexpected '}'
#0 C:\xamppi\htdocs\ERPPDV\system\Router\Router.php(175): CodeIgniter\Router\Router->autoRoute('home/estoque')
#1 C:\xamppi\htdocs\ERPPDV\system\CodeIgniter.php(726): CodeIgniter\Router\Router->handle('home/estoque')
#2 C:\xamppi\htdocs\ERPPDV\system\CodeIgniter.php(368): CodeIgniter\CodeIgniter->tryToRouteIt(Object(CodeIgniter\Router\RouteCollection))
#3 C:\xamppi\htdocs\ERPPDV\system\CodeIgniter.php(326): CodeIgniter\CodeIgniter->handleRequest(NULL, Object(Config\Cache), false)
#4 C:\xamppi\htdocs\ERPPDV\public\index.php(37): CodeIgniter\CodeIgniter->run()
#5 {main}
CRITICAL - 2022-05-04 21:15:59 --> syntax error, unexpected '}'
#0 C:\xamppi\htdocs\ERPPDV\system\Router\Router.php(175): CodeIgniter\Router\Router->autoRoute('home/estoque')
#1 C:\xamppi\htdocs\ERPPDV\system\CodeIgniter.php(726): CodeIgniter\Router\Router->handle('home/estoque')
#2 C:\xamppi\htdocs\ERPPDV\system\CodeIgniter.php(368): CodeIgniter\CodeIgniter->tryToRouteIt(Object(CodeIgniter\Router\RouteCollection))
#3 C:\xamppi\htdocs\ERPPDV\system\CodeIgniter.php(326): CodeIgniter\CodeIgniter->handleRequest(NULL, Object(Config\Cache), false)
#4 C:\xamppi\htdocs\ERPPDV\public\index.php(37): CodeIgniter\CodeIgniter->run()
#5 {main}
CRITICAL - 2022-05-04 21:15:59 --> syntax error, unexpected '}'
#0 C:\xamppi\htdocs\ERPPDV\system\Router\Router.php(175): CodeIgniter\Router\Router->autoRoute('home/estoque')
#1 C:\xamppi\htdocs\ERPPDV\system\CodeIgniter.php(726): CodeIgniter\Router\Router->handle('home/estoque')
#2 C:\xamppi\htdocs\ERPPDV\system\CodeIgniter.php(368): CodeIgniter\CodeIgniter->tryToRouteIt(Object(CodeIgniter\Router\RouteCollection))
#3 C:\xamppi\htdocs\ERPPDV\system\CodeIgniter.php(326): CodeIgniter\CodeIgniter->handleRequest(NULL, Object(Config\Cache), false)
#4 C:\xamppi\htdocs\ERPPDV\public\index.php(37): CodeIgniter\CodeIgniter->run()
#5 {main}
CRITICAL - 2022-05-04 21:15:59 --> syntax error, unexpected '}'
#0 C:\xamppi\htdocs\ERPPDV\system\Router\Router.php(175): CodeIgniter\Router\Router->autoRoute('home/estoque')
#1 C:\xamppi\htdocs\ERPPDV\system\CodeIgniter.php(726): CodeIgniter\Router\Router->handle('home/estoque')
#2 C:\xamppi\htdocs\ERPPDV\system\CodeIgniter.php(368): CodeIgniter\CodeIgniter->tryToRouteIt(Object(CodeIgniter\Router\RouteCollection))
#3 C:\xamppi\htdocs\ERPPDV\system\CodeIgniter.php(326): CodeIgniter\CodeIgniter->handleRequest(NULL, Object(Config\Cache), false)
#4 C:\xamppi\htdocs\ERPPDV\public\index.php(37): CodeIgniter\CodeIgniter->run()
#5 {main}
CRITICAL - 2022-05-04 21:15:59 --> syntax error, unexpected '}'
#0 C:\xamppi\htdocs\ERPPDV\system\Router\Router.php(175): CodeIgniter\Router\Router->autoRoute('home/estoque')
#1 C:\xamppi\htdocs\ERPPDV\system\CodeIgniter.php(726): CodeIgniter\Router\Router->handle('home/estoque')
#2 C:\xamppi\htdocs\ERPPDV\system\CodeIgniter.php(368): CodeIgniter\CodeIgniter->tryToRouteIt(Object(CodeIgniter\Router\RouteCollection))
#3 C:\xamppi\htdocs\ERPPDV\system\CodeIgniter.php(326): CodeIgniter\CodeIgniter->handleRequest(NULL, Object(Config\Cache), false)
#4 C:\xamppi\htdocs\ERPPDV\public\index.php(37): CodeIgniter\CodeIgniter->run()
#5 {main}
CRITICAL - 2022-05-04 21:15:59 --> syntax error, unexpected '}'
#0 C:\xamppi\htdocs\ERPPDV\system\Router\Router.php(175): CodeIgniter\Router\Router->autoRoute('home/estoque')
#1 C:\xamppi\htdocs\ERPPDV\system\CodeIgniter.php(726): CodeIgniter\Router\Router->handle('home/estoque')
#2 C:\xamppi\htdocs\ERPPDV\system\CodeIgniter.php(368): CodeIgniter\CodeIgniter->tryToRouteIt(Object(CodeIgniter\Router\RouteCollection))
#3 C:\xamppi\htdocs\ERPPDV\system\CodeIgniter.php(326): CodeIgniter\CodeIgniter->handleRequest(NULL, Object(Config\Cache), false)
#4 C:\xamppi\htdocs\ERPPDV\public\index.php(37): CodeIgniter\CodeIgniter->run()
#5 {main}
CRITICAL - 2022-05-04 21:16:00 --> syntax error, unexpected '}'
#0 C:\xamppi\htdocs\ERPPDV\system\Router\Router.php(175): CodeIgniter\Router\Router->autoRoute('home/estoque')
#1 C:\xamppi\htdocs\ERPPDV\system\CodeIgniter.php(726): CodeIgniter\Router\Router->handle('home/estoque')
#2 C:\xamppi\htdocs\ERPPDV\system\CodeIgniter.php(368): CodeIgniter\CodeIgniter->tryToRouteIt(Object(CodeIgniter\Router\RouteCollection))
#3 C:\xamppi\htdocs\ERPPDV\system\CodeIgniter.php(326): CodeIgniter\CodeIgniter->handleRequest(NULL, Object(Config\Cache), false)
#4 C:\xamppi\htdocs\ERPPDV\public\index.php(37): CodeIgniter\CodeIgniter->run()
#5 {main}
CRITICAL - 2022-05-04 21:16:00 --> syntax error, unexpected '}'
#0 C:\xamppi\htdocs\ERPPDV\system\Router\Router.php(175): CodeIgniter\Router\Router->autoRoute('home/estoque')
#1 C:\xamppi\htdocs\ERPPDV\system\CodeIgniter.php(726): CodeIgniter\Router\Router->handle('home/estoque')
#2 C:\xamppi\htdocs\ERPPDV\system\CodeIgniter.php(368): CodeIgniter\CodeIgniter->tryToRouteIt(Object(CodeIgniter\Router\RouteCollection))
#3 C:\xamppi\htdocs\ERPPDV\system\CodeIgniter.php(326): CodeIgniter\CodeIgniter->handleRequest(NULL, Object(Config\Cache), false)
#4 C:\xamppi\htdocs\ERPPDV\public\index.php(37): CodeIgniter\CodeIgniter->run()
#5 {main}
CRITICAL - 2022-05-04 21:16:15 --> syntax error, unexpected '}'
#0 C:\xamppi\htdocs\ERPPDV\system\Router\Router.php(175): CodeIgniter\Router\Router->autoRoute('home/estoque')
#1 C:\xamppi\htdocs\ERPPDV\system\CodeIgniter.php(726): CodeIgniter\Router\Router->handle('home/estoque')
#2 C:\xamppi\htdocs\ERPPDV\system\CodeIgniter.php(368): CodeIgniter\CodeIgniter->tryToRouteIt(Object(CodeIgniter\Router\RouteCollection))
#3 C:\xamppi\htdocs\ERPPDV\system\CodeIgniter.php(326): CodeIgniter\CodeIgniter->handleRequest(NULL, Object(Config\Cache), false)
#4 C:\xamppi\htdocs\ERPPDV\public\index.php(37): CodeIgniter\CodeIgniter->run()
#5 {main}
CRITICAL - 2022-05-04 21:16:15 --> syntax error, unexpected '}'
#0 C:\xamppi\htdocs\ERPPDV\system\Router\Router.php(175): CodeIgniter\Router\Router->autoRoute('home/estoque')
#1 C:\xamppi\htdocs\ERPPDV\system\CodeIgniter.php(726): CodeIgniter\Router\Router->handle('home/estoque')
#2 C:\xamppi\htdocs\ERPPDV\system\CodeIgniter.php(368): CodeIgniter\CodeIgniter->tryToRouteIt(Object(CodeIgniter\Router\RouteCollection))
#3 C:\xamppi\htdocs\ERPPDV\system\CodeIgniter.php(326): CodeIgniter\CodeIgniter->handleRequest(NULL, Object(Config\Cache), false)
#4 C:\xamppi\htdocs\ERPPDV\public\index.php(37): CodeIgniter\CodeIgniter->run()
#5 {main}
CRITICAL - 2022-05-04 21:16:15 --> syntax error, unexpected '}'
#0 C:\xamppi\htdocs\ERPPDV\system\Router\Router.php(175): CodeIgniter\Router\Router->autoRoute('home/estoque')
#1 C:\xamppi\htdocs\ERPPDV\system\CodeIgniter.php(726): CodeIgniter\Router\Router->handle('home/estoque')
#2 C:\xamppi\htdocs\ERPPDV\system\CodeIgniter.php(368): CodeIgniter\CodeIgniter->tryToRouteIt(Object(CodeIgniter\Router\RouteCollection))
#3 C:\xamppi\htdocs\ERPPDV\system\CodeIgniter.php(326): CodeIgniter\CodeIgniter->handleRequest(NULL, Object(Config\Cache), false)
#4 C:\xamppi\htdocs\ERPPDV\public\index.php(37): CodeIgniter\CodeIgniter->run()
#5 {main}
CRITICAL - 2022-05-04 21:16:15 --> syntax error, unexpected '}'
#0 C:\xamppi\htdocs\ERPPDV\system\Router\Router.php(175): CodeIgniter\Router\Router->autoRoute('home/estoque')
#1 C:\xamppi\htdocs\ERPPDV\system\CodeIgniter.php(726): CodeIgniter\Router\Router->handle('home/estoque')
#2 C:\xamppi\htdocs\ERPPDV\system\CodeIgniter.php(368): CodeIgniter\CodeIgniter->tryToRouteIt(Object(CodeIgniter\Router\RouteCollection))
#3 C:\xamppi\htdocs\ERPPDV\system\CodeIgniter.php(326): CodeIgniter\CodeIgniter->handleRequest(NULL, Object(Config\Cache), false)
#4 C:\xamppi\htdocs\ERPPDV\public\index.php(37): CodeIgniter\CodeIgniter->run()
#5 {main}
CRITICAL - 2022-05-04 21:16:15 --> syntax error, unexpected '}'
#0 C:\xamppi\htdocs\ERPPDV\system\Router\Router.php(175): CodeIgniter\Router\Router->autoRoute('home/estoque')
#1 C:\xamppi\htdocs\ERPPDV\system\CodeIgniter.php(726): CodeIgniter\Router\Router->handle('home/estoque')
#2 C:\xamppi\htdocs\ERPPDV\system\CodeIgniter.php(368): CodeIgniter\CodeIgniter->tryToRouteIt(Object(CodeIgniter\Router\RouteCollection))
#3 C:\xamppi\htdocs\ERPPDV\system\CodeIgniter.php(326): CodeIgniter\CodeIgniter->handleRequest(NULL, Object(Config\Cache), false)
#4 C:\xamppi\htdocs\ERPPDV\public\index.php(37): CodeIgniter\CodeIgniter->run()
#5 {main}
CRITICAL - 2022-05-04 21:16:16 --> syntax error, unexpected '}'
#0 C:\xamppi\htdocs\ERPPDV\system\Router\Router.php(175): CodeIgniter\Router\Router->autoRoute('home/estoque')
#1 C:\xamppi\htdocs\ERPPDV\system\CodeIgniter.php(726): CodeIgniter\Router\Router->handle('home/estoque')
#2 C:\xamppi\htdocs\ERPPDV\system\CodeIgniter.php(368): CodeIgniter\CodeIgniter->tryToRouteIt(Object(CodeIgniter\Router\RouteCollection))
#3 C:\xamppi\htdocs\ERPPDV\system\CodeIgniter.php(326): CodeIgniter\CodeIgniter->handleRequest(NULL, Object(Config\Cache), false)
#4 C:\xamppi\htdocs\ERPPDV\public\index.php(37): CodeIgniter\CodeIgniter->run()
#5 {main}
CRITICAL - 2022-05-04 21:16:16 --> syntax error, unexpected '}'
#0 C:\xamppi\htdocs\ERPPDV\system\Router\Router.php(175): CodeIgniter\Router\Router->autoRoute('home/estoque')
#1 C:\xamppi\htdocs\ERPPDV\system\CodeIgniter.php(726): CodeIgniter\Router\Router->handle('home/estoque')
#2 C:\xamppi\htdocs\ERPPDV\system\CodeIgniter.php(368): CodeIgniter\CodeIgniter->tryToRouteIt(Object(CodeIgniter\Router\RouteCollection))
#3 C:\xamppi\htdocs\ERPPDV\system\CodeIgniter.php(326): CodeIgniter\CodeIgniter->handleRequest(NULL, Object(Config\Cache), false)
#4 C:\xamppi\htdocs\ERPPDV\public\index.php(37): CodeIgniter\CodeIgniter->run()
#5 {main}
CRITICAL - 2022-05-04 21:16:16 --> syntax error, unexpected '}'
#0 C:\xamppi\htdocs\ERPPDV\system\Router\Router.php(175): CodeIgniter\Router\Router->autoRoute('home/estoque')
#1 C:\xamppi\htdocs\ERPPDV\system\CodeIgniter.php(726): CodeIgniter\Router\Router->handle('home/estoque')
#2 C:\xamppi\htdocs\ERPPDV\system\CodeIgniter.php(368): CodeIgniter\CodeIgniter->tryToRouteIt(Object(CodeIgniter\Router\RouteCollection))
#3 C:\xamppi\htdocs\ERPPDV\system\CodeIgniter.php(326): CodeIgniter\CodeIgniter->handleRequest(NULL, Object(Config\Cache), false)
#4 C:\xamppi\htdocs\ERPPDV\public\index.php(37): CodeIgniter\CodeIgniter->run()
#5 {main}
CRITICAL - 2022-05-04 21:16:16 --> syntax error, unexpected '}'
#0 C:\xamppi\htdocs\ERPPDV\system\Router\Router.php(175): CodeIgniter\Router\Router->autoRoute('home/estoque')
#1 C:\xamppi\htdocs\ERPPDV\system\CodeIgniter.php(726): CodeIgniter\Router\Router->handle('home/estoque')
#2 C:\xamppi\htdocs\ERPPDV\system\CodeIgniter.php(368): CodeIgniter\CodeIgniter->tryToRouteIt(Object(CodeIgniter\Router\RouteCollection))
#3 C:\xamppi\htdocs\ERPPDV\system\CodeIgniter.php(326): CodeIgniter\CodeIgniter->handleRequest(NULL, Object(Config\Cache), false)
#4 C:\xamppi\htdocs\ERPPDV\public\index.php(37): CodeIgniter\CodeIgniter->run()
#5 {main}
CRITICAL - 2022-05-04 21:16:28 --> require(../Views/pages/estoque.php): failed to open stream: No such file or directory
#0 C:\xamppi\htdocs\ERPPDV\app\Controllers\Home.php(14): CodeIgniter\Debug\Exceptions->errorHandler(2, 'require(../View...', 'C:\\xamppi\\htdoc...', 14, Array)
#1 C:\xamppi\htdocs\ERPPDV\app\Controllers\Home.php(14): require()
#2 C:\xamppi\htdocs\ERPPDV\system\CodeIgniter.php(832): App\Controllers\Home->estoque()
#3 C:\xamppi\htdocs\ERPPDV\system\CodeIgniter.php(419): CodeIgniter\CodeIgniter->runController(Object(App\Controllers\Home))
#4 C:\xamppi\htdocs\ERPPDV\system\CodeIgniter.php(326): CodeIgniter\CodeIgniter->handleRequest(NULL, Object(Config\Cache), false)
#5 C:\xamppi\htdocs\ERPPDV\public\index.php(37): CodeIgniter\CodeIgniter->run()
#6 {main}
CRITICAL - 2022-05-04 21:16:28 --> require(../Views/pages/estoque.php): failed to open stream: No such file or directory
#0 C:\xamppi\htdocs\ERPPDV\app\Controllers\Home.php(14): CodeIgniter\Debug\Exceptions->errorHandler(2, 'require(../View...', 'C:\\xamppi\\htdoc...', 14, Array)
#1 C:\xamppi\htdocs\ERPPDV\app\Controllers\Home.php(14): require()
#2 C:\xamppi\htdocs\ERPPDV\system\CodeIgniter.php(832): App\Controllers\Home->estoque()
#3 C:\xamppi\htdocs\ERPPDV\system\CodeIgniter.php(419): CodeIgniter\CodeIgniter->runController(Object(App\Controllers\Home))
#4 C:\xamppi\htdocs\ERPPDV\system\CodeIgniter.php(326): CodeIgniter\CodeIgniter->handleRequest(NULL, Object(Config\Cache), false)
#5 C:\xamppi\htdocs\ERPPDV\public\index.php(37): CodeIgniter\CodeIgniter->run()
#6 {main}
CRITICAL - 2022-05-04 21:16:29 --> require(../Views/pages/estoque.php): failed to open stream: No such file or directory
#0 C:\xamppi\htdocs\ERPPDV\app\Controllers\Home.php(14): CodeIgniter\Debug\Exceptions->errorHandler(2, 'require(../View...', 'C:\\xamppi\\htdoc...', 14, Array)
#1 C:\xamppi\htdocs\ERPPDV\app\Controllers\Home.php(14): require()
#2 C:\xamppi\htdocs\ERPPDV\system\CodeIgniter.php(832): App\Controllers\Home->estoque()
#3 C:\xamppi\htdocs\ERPPDV\system\CodeIgniter.php(419): CodeIgniter\CodeIgniter->runController(Object(App\Controllers\Home))
#4 C:\xamppi\htdocs\ERPPDV\system\CodeIgniter.php(326): CodeIgniter\CodeIgniter->handleRequest(NULL, Object(Config\Cache), false)
#5 C:\xamppi\htdocs\ERPPDV\public\index.php(37): CodeIgniter\CodeIgniter->run()
#6 {main}
CRITICAL - 2022-05-04 21:16:29 --> require(../Views/pages/estoque.php): failed to open stream: No such file or directory
#0 C:\xamppi\htdocs\ERPPDV\app\Controllers\Home.php(14): CodeIgniter\Debug\Exceptions->errorHandler(2, 'require(../View...', 'C:\\xamppi\\htdoc...', 14, Array)
#1 C:\xamppi\htdocs\ERPPDV\app\Controllers\Home.php(14): require()
#2 C:\xamppi\htdocs\ERPPDV\system\CodeIgniter.php(832): App\Controllers\Home->estoque()
#3 C:\xamppi\htdocs\ERPPDV\system\CodeIgniter.php(419): CodeIgniter\CodeIgniter->runController(Object(App\Controllers\Home))
#4 C:\xamppi\htdocs\ERPPDV\system\CodeIgniter.php(326): CodeIgniter\CodeIgniter->handleRequest(NULL, Object(Config\Cache), false)
#5 C:\xamppi\htdocs\ERPPDV\public\index.php(37): CodeIgniter\CodeIgniter->run()
#6 {main}
CRITICAL - 2022-05-04 21:16:29 --> require(../Views/pages/estoque.php): failed to open stream: No such file or directory
#0 C:\xamppi\htdocs\ERPPDV\app\Controllers\Home.php(14): CodeIgniter\Debug\Exceptions->errorHandler(2, 'require(../View...', 'C:\\xamppi\\htdoc...', 14, Array)
#1 C:\xamppi\htdocs\ERPPDV\app\Controllers\Home.php(14): require()
#2 C:\xamppi\htdocs\ERPPDV\system\CodeIgniter.php(832): App\Controllers\Home->estoque()
#3 C:\xamppi\htdocs\ERPPDV\system\CodeIgniter.php(419): CodeIgniter\CodeIgniter->runController(Object(App\Controllers\Home))
#4 C:\xamppi\htdocs\ERPPDV\system\CodeIgniter.php(326): CodeIgniter\CodeIgniter->handleRequest(NULL, Object(Config\Cache), false)
#5 C:\xamppi\htdocs\ERPPDV\public\index.php(37): CodeIgniter\CodeIgniter->run()
#6 {main}
CRITICAL - 2022-05-04 21:16:29 --> require(../Views/pages/estoque.php): failed to open stream: No such file or directory
#0 C:\xamppi\htdocs\ERPPDV\app\Controllers\Home.php(14): CodeIgniter\Debug\Exceptions->errorHandler(2, 'require(../View...', 'C:\\xamppi\\htdoc...', 14, Array)
#1 C:\xamppi\htdocs\ERPPDV\app\Controllers\Home.php(14): require()
#2 C:\xamppi\htdocs\ERPPDV\system\CodeIgniter.php(832): App\Controllers\Home->estoque()
#3 C:\xamppi\htdocs\ERPPDV\system\CodeIgniter.php(419): CodeIgniter\CodeIgniter->runController(Object(App\Controllers\Home))
#4 C:\xamppi\htdocs\ERPPDV\system\CodeIgniter.php(326): CodeIgniter\CodeIgniter->handleRequest(NULL, Object(Config\Cache), false)
#5 C:\xamppi\htdocs\ERPPDV\public\index.php(37): CodeIgniter\CodeIgniter->run()
#6 {main}
CRITICAL - 2022-05-04 21:16:29 --> require(../Views/pages/estoque.php): failed to open stream: No such file or directory
#0 C:\xamppi\htdocs\ERPPDV\app\Controllers\Home.php(14): CodeIgniter\Debug\Exceptions->errorHandler(2, 'require(../View...', 'C:\\xamppi\\htdoc...', 14, Array)
#1 C:\xamppi\htdocs\ERPPDV\app\Controllers\Home.php(14): require()
#2 C:\xamppi\htdocs\ERPPDV\system\CodeIgniter.php(832): App\Controllers\Home->estoque()
#3 C:\xamppi\htdocs\ERPPDV\system\CodeIgniter.php(419): CodeIgniter\CodeIgniter->runController(Object(App\Controllers\Home))
#4 C:\xamppi\htdocs\ERPPDV\system\CodeIgniter.php(326): CodeIgniter\CodeIgniter->handleRequest(NULL, Object(Config\Cache), false)
#5 C:\xamppi\htdocs\ERPPDV\public\index.php(37): CodeIgniter\CodeIgniter->run()
#6 {main}
CRITICAL - 2022-05-04 21:16:30 --> require(../Views/pages/estoque.php): failed to open stream: No such file or directory
#0 C:\xamppi\htdocs\ERPPDV\app\Controllers\Home.php(14): CodeIgniter\Debug\Exceptions->errorHandler(2, 'require(../View...', 'C:\\xamppi\\htdoc...', 14, Array)
#1 C:\xamppi\htdocs\ERPPDV\app\Controllers\Home.php(14): require()
#2 C:\xamppi\htdocs\ERPPDV\system\CodeIgniter.php(832): App\Controllers\Home->estoque()
#3 C:\xamppi\htdocs\ERPPDV\system\CodeIgniter.php(419): CodeIgniter\CodeIgniter->runController(Object(App\Controllers\Home))
#4 C:\xamppi\htdocs\ERPPDV\system\CodeIgniter.php(326): CodeIgniter\CodeIgniter->handleRequest(NULL, Object(Config\Cache), false)
#5 C:\xamppi\htdocs\ERPPDV\public\index.php(37): CodeIgniter\CodeIgniter->run()
#6 {main}
CRITICAL - 2022-05-04 21:16:30 --> require(../Views/pages/estoque.php): failed to open stream: No such file or directory
#0 C:\xamppi\htdocs\ERPPDV\app\Controllers\Home.php(14): CodeIgniter\Debug\Exceptions->errorHandler(2, 'require(../View...', 'C:\\xamppi\\htdoc...', 14, Array)
#1 C:\xamppi\htdocs\ERPPDV\app\Controllers\Home.php(14): require()
#2 C:\xamppi\htdocs\ERPPDV\system\CodeIgniter.php(832): App\Controllers\Home->estoque()
#3 C:\xamppi\htdocs\ERPPDV\system\CodeIgniter.php(419): CodeIgniter\CodeIgniter->runController(Object(App\Controllers\Home))
#4 C:\xamppi\htdocs\ERPPDV\system\CodeIgniter.php(326): CodeIgniter\CodeIgniter->handleRequest(NULL, Object(Config\Cache), false)
#5 C:\xamppi\htdocs\ERPPDV\public\index.php(37): CodeIgniter\CodeIgniter->run()
#6 {main}
CRITICAL - 2022-05-04 21:16:30 --> require(../Views/pages/estoque.php): failed to open stream: No such file or directory
#0 C:\xamppi\htdocs\ERPPDV\app\Controllers\Home.php(14): CodeIgniter\Debug\Exceptions->errorHandler(2, 'require(../View...', 'C:\\xamppi\\htdoc...', 14, Array)
#1 C:\xamppi\htdocs\ERPPDV\app\Controllers\Home.php(14): require()
#2 C:\xamppi\htdocs\ERPPDV\system\CodeIgniter.php(832): App\Controllers\Home->estoque()
#3 C:\xamppi\htdocs\ERPPDV\system\CodeIgniter.php(419): CodeIgniter\CodeIgniter->runController(Object(App\Controllers\Home))
#4 C:\xamppi\htdocs\ERPPDV\system\CodeIgniter.php(326): CodeIgniter\CodeIgniter->handleRequest(NULL, Object(Config\Cache), false)
#5 C:\xamppi\htdocs\ERPPDV\public\index.php(37): CodeIgniter\CodeIgniter->run()
#6 {main}
CRITICAL - 2022-05-04 21:16:30 --> require(../Views/pages/estoque.php): failed to open stream: No such file or directory
#0 C:\xamppi\htdocs\ERPPDV\app\Controllers\Home.php(14): CodeIgniter\Debug\Exceptions->errorHandler(2, 'require(../View...', 'C:\\xamppi\\htdoc...', 14, Array)
#1 C:\xamppi\htdocs\ERPPDV\app\Controllers\Home.php(14): require()
#2 C:\xamppi\htdocs\ERPPDV\system\CodeIgniter.php(832): App\Controllers\Home->estoque()
#3 C:\xamppi\htdocs\ERPPDV\system\CodeIgniter.php(419): CodeIgniter\CodeIgniter->runController(Object(App\Controllers\Home))
#4 C:\xamppi\htdocs\ERPPDV\system\CodeIgniter.php(326): CodeIgniter\CodeIgniter->handleRequest(NULL, Object(Config\Cache), false)
#5 C:\xamppi\htdocs\ERPPDV\public\index.php(37): CodeIgniter\CodeIgniter->run()
#6 {main}
CRITICAL - 2022-05-04 21:16:30 --> require(../Views/pages/estoque.php): failed to open stream: No such file or directory
#0 C:\xamppi\htdocs\ERPPDV\app\Controllers\Home.php(14): CodeIgniter\Debug\Exceptions->errorHandler(2, 'require(../View...', 'C:\\xamppi\\htdoc...', 14, Array)
#1 C:\xamppi\htdocs\ERPPDV\app\Controllers\Home.php(14): require()
#2 C:\xamppi\htdocs\ERPPDV\system\CodeIgniter.php(832): App\Controllers\Home->estoque()
#3 C:\xamppi\htdocs\ERPPDV\system\CodeIgniter.php(419): CodeIgniter\CodeIgniter->runController(Object(App\Controllers\Home))
#4 C:\xamppi\htdocs\ERPPDV\system\CodeIgniter.php(326): CodeIgniter\CodeIgniter->handleRequest(NULL, Object(Config\Cache), false)
#5 C:\xamppi\htdocs\ERPPDV\public\index.php(37): CodeIgniter\CodeIgniter->run()
#6 {main}
CRITICAL - 2022-05-04 21:16:30 --> require(../Views/pages/estoque.php): failed to open stream: No such file or directory
#0 C:\xamppi\htdocs\ERPPDV\app\Controllers\Home.php(14): CodeIgniter\Debug\Exceptions->errorHandler(2, 'require(../View...', 'C:\\xamppi\\htdoc...', 14, Array)
#1 C:\xamppi\htdocs\ERPPDV\app\Controllers\Home.php(14): require()
#2 C:\xamppi\htdocs\ERPPDV\system\CodeIgniter.php(832): App\Controllers\Home->estoque()
#3 C:\xamppi\htdocs\ERPPDV\system\CodeIgniter.php(419): CodeIgniter\CodeIgniter->runController(Object(App\Controllers\Home))
#4 C:\xamppi\htdocs\ERPPDV\system\CodeIgniter.php(326): CodeIgniter\CodeIgniter->handleRequest(NULL, Object(Config\Cache), false)
#5 C:\xamppi\htdocs\ERPPDV\public\index.php(37): CodeIgniter\CodeIgniter->run()
#6 {main}
CRITICAL - 2022-05-04 21:16:31 --> require(../Views/pages/estoque.php): failed to open stream: No such file or directory
#0 C:\xamppi\htdocs\ERPPDV\app\Controllers\Home.php(14): CodeIgniter\Debug\Exceptions->errorHandler(2, 'require(../View...', 'C:\\xamppi\\htdoc...', 14, Array)
#1 C:\xamppi\htdocs\ERPPDV\app\Controllers\Home.php(14): require()
#2 C:\xamppi\htdocs\ERPPDV\system\CodeIgniter.php(832): App\Controllers\Home->estoque()
#3 C:\xamppi\htdocs\ERPPDV\system\CodeIgniter.php(419): CodeIgniter\CodeIgniter->runController(Object(App\Controllers\Home))
#4 C:\xamppi\htdocs\ERPPDV\system\CodeIgniter.php(326): CodeIgniter\CodeIgniter->handleRequest(NULL, Object(Config\Cache), false)
#5 C:\xamppi\htdocs\ERPPDV\public\index.php(37): CodeIgniter\CodeIgniter->run()
#6 {main}
CRITICAL - 2022-05-04 21:16:31 --> require(../Views/pages/estoque.php): failed to open stream: No such file or directory
#0 C:\xamppi\htdocs\ERPPDV\app\Controllers\Home.php(14): CodeIgniter\Debug\Exceptions->errorHandler(2, 'require(../View...', 'C:\\xamppi\\htdoc...', 14, Array)
#1 C:\xamppi\htdocs\ERPPDV\app\Controllers\Home.php(14): require()
#2 C:\xamppi\htdocs\ERPPDV\system\CodeIgniter.php(832): App\Controllers\Home->estoque()
#3 C:\xamppi\htdocs\ERPPDV\system\CodeIgniter.php(419): CodeIgniter\CodeIgniter->runController(Object(App\Controllers\Home))
#4 C:\xamppi\htdocs\ERPPDV\system\CodeIgniter.php(326): CodeIgniter\CodeIgniter->handleRequest(NULL, Object(Config\Cache), false)
#5 C:\xamppi\htdocs\ERPPDV\public\index.php(37): CodeIgniter\CodeIgniter->run()
#6 {main}
CRITICAL - 2022-05-04 21:16:31 --> require(../Views/pages/estoque.php): failed to open stream: No such file or directory
#0 C:\xamppi\htdocs\ERPPDV\app\Controllers\Home.php(14): CodeIgniter\Debug\Exceptions->errorHandler(2, 'require(../View...', 'C:\\xamppi\\htdoc...', 14, Array)
#1 C:\xamppi\htdocs\ERPPDV\app\Controllers\Home.php(14): require()
#2 C:\xamppi\htdocs\ERPPDV\system\CodeIgniter.php(832): App\Controllers\Home->estoque()
#3 C:\xamppi\htdocs\ERPPDV\system\CodeIgniter.php(419): CodeIgniter\CodeIgniter->runController(Object(App\Controllers\Home))
#4 C:\xamppi\htdocs\ERPPDV\system\CodeIgniter.php(326): CodeIgniter\CodeIgniter->handleRequest(NULL, Object(Config\Cache), false)
#5 C:\xamppi\htdocs\ERPPDV\public\index.php(37): CodeIgniter\CodeIgniter->run()
#6 {main}
CRITICAL - 2022-05-04 21:16:55 --> require(../Views/pages/estoque.php): failed to open stream: No such file or directory
#0 C:\xamppi\htdocs\ERPPDV\app\Controllers\Home.php(14): CodeIgniter\Debug\Exceptions->errorHandler(2, 'require(../View...', 'C:\\xamppi\\htdoc...', 14, Array)
#1 C:\xamppi\htdocs\ERPPDV\app\Controllers\Home.php(14): require()
#2 C:\xamppi\htdocs\ERPPDV\system\CodeIgniter.php(832): App\Controllers\Home->estoque()
#3 C:\xamppi\htdocs\ERPPDV\system\CodeIgniter.php(419): CodeIgniter\CodeIgniter->runController(Object(App\Controllers\Home))
#4 C:\xamppi\htdocs\ERPPDV\system\CodeIgniter.php(326): CodeIgniter\CodeIgniter->handleRequest(NULL, Object(Config\Cache), false)
#5 C:\xamppi\htdocs\ERPPDV\public\index.php(37): CodeIgniter\CodeIgniter->run()
#6 {main}
CRITICAL - 2022-05-04 21:16:55 --> require(../Views/pages/estoque.php): failed to open stream: No such file or directory
#0 C:\xamppi\htdocs\ERPPDV\app\Controllers\Home.php(14): CodeIgniter\Debug\Exceptions->errorHandler(2, 'require(../View...', 'C:\\xamppi\\htdoc...', 14, Array)
#1 C:\xamppi\htdocs\ERPPDV\app\Controllers\Home.php(14): require()
#2 C:\xamppi\htdocs\ERPPDV\system\CodeIgniter.php(832): App\Controllers\Home->estoque()
#3 C:\xamppi\htdocs\ERPPDV\system\CodeIgniter.php(419): CodeIgniter\CodeIgniter->runController(Object(App\Controllers\Home))
#4 C:\xamppi\htdocs\ERPPDV\system\CodeIgniter.php(326): CodeIgniter\CodeIgniter->handleRequest(NULL, Object(Config\Cache), false)
#5 C:\xamppi\htdocs\ERPPDV\public\index.php(37): CodeIgniter\CodeIgniter->run()
#6 {main}
CRITICAL - 2022-05-04 21:17:36 --> require(../Views/pages/estoque.php): failed to open stream: No such file or directory
#0 C:\xamppi\htdocs\ERPPDV\app\Controllers\Home.php(14): CodeIgniter\Debug\Exceptions->errorHandler(2, 'require(../View...', 'C:\\xamppi\\htdoc...', 14, Array)
#1 C:\xamppi\htdocs\ERPPDV\app\Controllers\Home.php(14): require()
#2 C:\xamppi\htdocs\ERPPDV\system\CodeIgniter.php(832): App\Controllers\Home->estoque()
#3 C:\xamppi\htdocs\ERPPDV\system\CodeIgniter.php(419): CodeIgniter\CodeIgniter->runController(Object(App\Controllers\Home))
#4 C:\xamppi\htdocs\ERPPDV\system\CodeIgniter.php(326): CodeIgniter\CodeIgniter->handleRequest(NULL, Object(Config\Cache), false)
#5 C:\xamppi\htdocs\ERPPDV\public\index.php(37): CodeIgniter\CodeIgniter->run()
#6 {main}
CRITICAL - 2022-05-04 21:17:36 --> require(../Views/pages/estoque.php): failed to open stream: No such file or directory
#0 C:\xamppi\htdocs\ERPPDV\app\Controllers\Home.php(14): CodeIgniter\Debug\Exceptions->errorHandler(2, 'require(../View...', 'C:\\xamppi\\htdoc...', 14, Array)
#1 C:\xamppi\htdocs\ERPPDV\app\Controllers\Home.php(14): require()
#2 C:\xamppi\htdocs\ERPPDV\system\CodeIgniter.php(832): App\Controllers\Home->estoque()
#3 C:\xamppi\htdocs\ERPPDV\system\CodeIgniter.php(419): CodeIgniter\CodeIgniter->runController(Object(App\Controllers\Home))
#4 C:\xamppi\htdocs\ERPPDV\system\CodeIgniter.php(326): CodeIgniter\CodeIgniter->handleRequest(NULL, Object(Config\Cache), false)
#5 C:\xamppi\htdocs\ERPPDV\public\index.php(37): CodeIgniter\CodeIgniter->run()
#6 {main}
CRITICAL - 2022-05-04 21:17:37 --> require(../Views/pages/estoque.php): failed to open stream: No such file or directory
#0 C:\xamppi\htdocs\ERPPDV\app\Controllers\Home.php(14): CodeIgniter\Debug\Exceptions->errorHandler(2, 'require(../View...', 'C:\\xamppi\\htdoc...', 14, Array)
#1 C:\xamppi\htdocs\ERPPDV\app\Controllers\Home.php(14): require()
#2 C:\xamppi\htdocs\ERPPDV\system\CodeIgniter.php(832): App\Controllers\Home->estoque()
#3 C:\xamppi\htdocs\ERPPDV\system\CodeIgniter.php(419): CodeIgniter\CodeIgniter->runController(Object(App\Controllers\Home))
#4 C:\xamppi\htdocs\ERPPDV\system\CodeIgniter.php(326): CodeIgniter\CodeIgniter->handleRequest(NULL, Object(Config\Cache), false)
#5 C:\xamppi\htdocs\ERPPDV\public\index.php(37): CodeIgniter\CodeIgniter->run()
#6 {main}
CRITICAL - 2022-05-04 21:17:37 --> require(../Views/pages/estoque.php): failed to open stream: No such file or directory
#0 C:\xamppi\htdocs\ERPPDV\app\Controllers\Home.php(14): CodeIgniter\Debug\Exceptions->errorHandler(2, 'require(../View...', 'C:\\xamppi\\htdoc...', 14, Array)
#1 C:\xamppi\htdocs\ERPPDV\app\Controllers\Home.php(14): require()
#2 C:\xamppi\htdocs\ERPPDV\system\CodeIgniter.php(832): App\Controllers\Home->estoque()
#3 C:\xamppi\htdocs\ERPPDV\system\CodeIgniter.php(419): CodeIgniter\CodeIgniter->runController(Object(App\Controllers\Home))
#4 C:\xamppi\htdocs\ERPPDV\system\CodeIgniter.php(326): CodeIgniter\CodeIgniter->handleRequest(NULL, Object(Config\Cache), false)
#5 C:\xamppi\htdocs\ERPPDV\public\index.php(37): CodeIgniter\CodeIgniter->run()
#6 {main}
